[2024-08-20 09:40:15] production.ERROR: Unable to find component: [main.includes.header2] {"userId":544,"exception":"[object] (Livewire\\Exceptions\\ComponentNotFoundException(code: 0): Unable to find component: [main.includes.header2] at /home1/onesend1/public_html/new-freelance.turboconnect.top/vendor/livewire/livewire/src/LivewireManager.php:98)
[stacktrace]
#0 /home1/onesend1/public_html/new-freelance.turboconnect.top/vendor/livewire/livewire/src/LivewireManager.php(107): Livewire\\LivewireManager->getClass('main.includes.h...')
#1 /home1/onesend1/public_html/new-freelance.turboconnect.top/vendor/livewire/livewire/src/LifecycleManager.php(29): Livewire\\LivewireManager->getInstance('main.includes.h...', 'Zzlhgx2Pyfi03mX...')
#2 /home1/onesend1/public_html/new-freelance.turboconnect.top/vendor/laravel/framework/src/Illuminate/Support/helpers.php(307): Livewire\\LifecycleManager::Livewire\\{closure}(Object(Livewire\\LifecycleManager))
#3 /home1/onesend1/public_html/new-freelance.turboconnect.top/vendor/livewire/livewire/src/LifecycleManager.php(28): tap(Object(Livewire\\LifecycleManager), Object(Closure))
#4 /home1/onesend1/public_html/new-freelance.turboconnect.top/vendor/livewire/livewire/src/LivewireManager.php(127): Livewire\\LifecycleManager::fromInitialRequest('main.includes.h...', 'Zzlhgx2Pyfi03mX...')
#5 /home1/onesend1/public_html/new-freelance.turboconnect.top/vendor/laravel/framework/src/Illuminate/Support/Facades/Facade.php(353): Livewire\\LivewireManager->mount('main.includes.h...')
#6 /home1/onesend1/public_html/new-freelance.turboconnect.top/storage/framework/views/70f92b5e26a64a3f8f8df95a8cae46af.php(275): Illuminate\\Support\\Facades\\Facade::__callStatic('mount', Array)
#7 /home1/onesend1/public_html/new-freelance.turboconnect.top/vendor/laravel/framework/src/Illuminate/Filesystem/Filesystem.php(124): require('/home1/onesend1...')
#8 /home1/onesend1/public_html/new-freelance.turboconnect.top/vendor/laravel/framework/src/Illuminate/Filesystem/Filesystem.php(125): Illuminate\\Filesystem\\Filesystem::Illuminate\\Filesystem\\{closure}()
#9 /home1/onesend1/public_html/new-freelance.turboconnect.top/vendor/laravel/framework/src/Illuminate/View/Engines/PhpEngine.php(58): Illuminate\\Filesystem\\Filesystem->getRequire('/home1/onesend1...', Array)
#10 /home1/onesend1/public_html/new-freelance.turboconnect.top/vendor/livewire/livewire/src/ComponentConcerns/RendersLivewireComponents.php(69): Illuminate\\View\\Engines\\PhpEngine->evaluatePath('/home1/onesend1...', Array)
#11 /home1/onesend1/public_html/new-freelance.turboconnect.top/vendor/laravel/framework/src/Illuminate/View/Engines/CompilerEngine.php(72): Livewire\\LivewireViewCompilerEngine->evaluatePath('/home1/onesend1...', Array)
#12 /home1/onesend1/public_html/new-freelance.turboconnect.top/vendor/livewire/livewire/src/ComponentConcerns/RendersLivewireComponents.php(35): Illuminate\\View\\Engines\\CompilerEngine->get('/home1/onesend1...', Array)
#13 /home1/onesend1/public_html/new-freelance.turboconnect.top/vendor/laravel/framework/src/Illuminate/View/View.php(195): Livewire\\LivewireViewCompilerEngine->get('/home1/onesend1...', Array)
#14 /home1/onesend1/public_html/new-freelance.turboconnect.top/vendor/laravel/framework/src/Illuminate/View/View.php(178): Illuminate\\View\\View->getContents()
#15 /home1/onesend1/public_html/new-freelance.turboconnect.top/vendor/laravel/framework/src/Illuminate/View/View.php(147): Illuminate\\View\\View->renderContents()
#16 /home1/onesend1/public_html/new-freelance.turboconnect.top/storage/framework/views/20af8fb0a4defb460038489ccd1ea16f.php(6): Illuminate\\View\\View->render()
#17 /home1/onesend1/public_html/new-freelance.turboconnect.top/vendor/laravel/framework/src/Illuminate/Filesystem/Filesystem.php(124): require('/home1/onesend1...')
#18 /home1/onesend1/public_html/new-freelance.turboconnect.top/vendor/laravel/framework/src/Illuminate/Filesystem/Filesystem.php(125): Illuminate\\Filesystem\\Filesystem::Illuminate\\Filesystem\\{closure}()
#19 /home1/onesend1/public_html/new-freelance.turboconnect.top/vendor/laravel/framework/src/Illuminate/View/Engines/PhpEngine.php(58): Illuminate\\Filesystem\\Filesystem->getRequire('/home1/onesend1...', Array)
#20 /home1/onesend1/public_html/new-freelance.turboconnect.top/vendor/livewire/livewire/src/ComponentConcerns/RendersLivewireComponents.php(69): Illuminate\\View\\Engines\\PhpEngine->evaluatePath('/home1/onesend1...', Array)
#21 /home1/onesend1/public_html/new-freelance.turboconnect.top/vendor/laravel/framework/src/Illuminate/View/Engines/CompilerEngine.php(72): Livewire\\LivewireViewCompilerEngine->evaluatePath('/home1/onesend1...', Array)
#22 /home1/onesend1/public_html/new-freelance.turboconnect.top/vendor/livewire/livewire/src/ComponentConcerns/RendersLivewireComponents.php(35): Illuminate\\View\\Engines\\CompilerEngine->get('/home1/onesend1...', Array)
#23 /home1/onesend1/public_html/new-freelance.turboconnect.top/vendor/laravel/framework/src/Illuminate/View/View.php(195): Livewire\\LivewireViewCompilerEngine->get('/home1/onesend1...', Array)
#24 /home1/onesend1/public_html/new-freelance.turboconnect.top/vendor/laravel/framework/src/Illuminate/View/View.php(178): Illuminate\\View\\View->getContents()
#25 /home1/onesend1/public_html/new-freelance.turboconnect.top/vendor/laravel/framework/src/Illuminate/View/View.php(147): Illuminate\\View\\View->renderContents()
#26 /home1/onesend1/public_html/new-freelance.turboconnect.top/vendor/laravel/framework/src/Illuminate/Http/Response.php(69): Illuminate\\View\\View->render()
#27 /home1/onesend1/public_html/new-freelance.turboconnect.top/vendor/laravel/framework/src/Illuminate/Http/Response.php(35): Illuminate\\Http\\Response->setContent(Object(Illuminate\\View\\View))
#28 /home1/onesend1/public_html/new-freelance.turboconnect.top/vendor/laravel/framework/src/Illuminate/Routing/Router.php(911): Illuminate\\Http\\Response->__construct(Object(Illuminate\\View\\View), 200, Array)
#29 /home1/onesend1/public_html/new-freelance.turboconnect.top/vendor/laravel/framework/src/Illuminate/Routing/Router.php(878): Illuminate\\Routing\\Router::toResponse(Object(Illuminate\\Http\\Request), Object(Illuminate\\View\\View))
#30 /home1/onesend1/public_html/new-freelance.turboconnect.top/vendor/laravel/framework/src/Illuminate/Routing/Router.php(798): Illuminate\\Routing\\Router->prepareResponse(Object(Illuminate\\Http\\Request), Object(Illuminate\\View\\View))
#31 /home1/onesend1/public_html/new-freelance.turboconnect.top/vendor/laravel/framework/src/Illuminate/Pipeline/Pipeline.php(141): Illuminate\\Routing\\Router->Illuminate\\Routing\\{closure}(Object(Illuminate\\Http\\Request))
#32 /home1/onesend1/public_html/new-freelance.turboconnect.top/vendor/ralphjsmit/livewire-urls/src/Middleware/LivewireUrlsMiddleware.php(32): Illuminate\\Pipeline\\Pipeline->Illuminate\\Pipeline\\{closure}(Object(Illuminate\\Http\\Request))
#33 /home1/onesend1/public_html/new-freelance.turboconnect.top/vendor/laravel/framework/src/Illuminate/Pipeline/Pipeline.php(180): RalphJSmit\\Livewire\\Urls\\Middleware\\LivewireUrlsMiddleware->handle(Object(Illuminate\\Http\\Request), Object(Closure))
#34 /home1/onesend1/public_html/new-freelance.turboconnect.top/app/Http/Middleware/XFrameHeaders.php(31): Illuminate\\Pipeline\\Pipeline->Illuminate\\Pipeline\\{closure}(Object(Illuminate\\Http\\Request))
#35 /home1/onesend1/public_html/new-freelance.turboconnect.top/vendor/laravel/framework/src/Illuminate/Pipeline/Pipeline.php(180): App\\Http\\Middleware\\XFrameHeaders->handle(Object(Illuminate\\Http\\Request), Object(Closure))
#36 /home1/onesend1/public_html/new-freelance.turboconnect.top/app/Http/Middleware/UpgradeLevel.php(95): Illuminate\\Pipeline\\Pipeline->Illuminate\\Pipeline\\{closure}(Object(Illuminate\\Http\\Request))
#37 /home1/onesend1/public_html/new-freelance.turboconnect.top/vendor/laravel/framework/src/Illuminate/Pipeline/Pipeline.php(180): App\\Http\\Middleware\\UpgradeLevel->handle(Object(Illuminate\\Http\\Request), Object(Closure))
#38 /home1/onesend1/public_html/new-freelance.turboconnect.top/app/Http/Middleware/UserLastActivity.php(25): Illuminate\\Pipeline\\Pipeline->Illuminate\\Pipeline\\{closure}(Object(Illuminate\\Http\\Request))
#39 /home1/onesend1/public_html/new-freelance.turboconnect.top/vendor/laravel/framework/src/Illuminate/Pipeline/Pipeline.php(180): App\\Http\\Middleware\\UserLastActivity->handle(Object(Illuminate\\Http\\Request), Object(Closure))
#40 /home1/onesend1/public_html/new-freelance.turboconnect.top/app/Http/Middleware/SetLocale.php(65): Illuminate\\Pipeline\\Pipeline->Illuminate\\Pipeline\\{closure}(Object(Illuminate\\Http\\Request))
#41 /home1/onesend1/public_html/new-freelance.turboconnect.top/vendor/laravel/framework/src/Illuminate/Pipeline/Pipeline.php(180): App\\Http\\Middleware\\SetLocale->handle(Object(Illuminate\\Http\\Request), Object(Closure))
#42 /home1/onesend1/public_html/new-freelance.turboconnect.top/vendor/laravel/framework/src/Illuminate/Routing/Middleware/SubstituteBindings.php(50): Illuminate\\Pipeline\\Pipeline->Illuminate\\Pipeline\\{closure}(Object(Illuminate\\Http\\Request))
#43 /home1/onesend1/public_html/new-freelance.turboconnect.top/vendor/laravel/framework/src/Illuminate/Pipeline/Pipeline.php(180): Illuminate\\Routing\\Middleware\\SubstituteBindings->handle(Object(Illuminate\\Http\\Request), Object(Closure))
#44 /home1/onesend1/public_html/new-freelance.turboconnect.top/vendor/laravel/framework/src/Illuminate/Session/Middleware/AuthenticateSession.php(60): Illuminate\\Pipeline\\Pipeline->Illuminate\\Pipeline\\{closure}(Object(Illuminate\\Http\\Request))
#45 /home1/onesend1/public_html/new-freelance.turboconnect.top/vendor/laravel/framework/src/Illuminate/Pipeline/Pipeline.php(180): Illuminate\\Session\\Middleware\\AuthenticateSession->handle(Object(Illuminate\\Http\\Request), Object(Closure))
#46 /home1/onesend1/public_html/new-freelance.turboconnect.top/vendor/laravel/framework/src/Illuminate/Auth/Middleware/Authenticate.php(57): Illuminate\\Pipeline\\Pipeline->Illuminate\\Pipeline\\{closure}(Object(Illuminate\\Http\\Request))
#47 /home1/onesend1/public_html/new-freelance.turboconnect.top/vendor/laravel/framework/src/Illuminate/Pipeline/Pipeline.php(180): Illuminate\\Auth\\Middleware\\Authenticate->handle(Object(Illuminate\\Http\\Request), Object(Closure))
#48 /home1/onesend1/public_html/new-freelance.turboconnect.top/vendor/laravel/framework/src/Illuminate/Foundation/Http/Middleware/VerifyCsrfToken.php(78): Illuminate\\Pipeline\\Pipeline->Illuminate\\Pipeline\\{closure}(Object(Illuminate\\Http\\Request))
#49 /home1/onesend1/public_html/new-freelance.turboconnect.top/app/Http/Middleware/VerifyCsrfToken.php(24): Illuminate\\Foundation\\Http\\Middleware\\VerifyCsrfToken->handle(Object(Illuminate\\Http\\Request), Object(Closure))
#50 /home1/onesend1/public_html/new-freelance.turboconnect.top/vendor/laravel/framework/src/Illuminate/Pipeline/Pipeline.php(180): App\\Http\\Middleware\\VerifyCsrfToken->handle(Object(Illuminate\\Http\\Request), Object(Closure))
#51 /home1/onesend1/public_html/new-freelance.turboconnect.top/vendor/laravel/framework/src/Illuminate/View/Middleware/ShareErrorsFromSession.php(49): Illuminate\\Pipeline\\Pipeline->Illuminate\\Pipeline\\{closure}(Object(Illuminate\\Http\\Request))
#52 /home1/onesend1/public_html/new-freelance.turboconnect.top/vendor/laravel/framework/src/Illuminate/Pipeline/Pipeline.php(180): Illuminate\\View\\Middleware\\ShareErrorsFromSession->handle(Object(Illuminate\\Http\\Request), Object(Closure))
#53 /home1/onesend1/public_html/new-freelance.turboconnect.top/vendor/laravel/framework/src/Illuminate/Session/Middleware/StartSession.php(121): Illuminate\\Pipeline\\Pipeline->Illuminate\\Pipeline\\{closure}(Object(Illuminate\\Http\\Request))
#54 /home1/onesend1/public_html/new-freelance.turboconnect.top/vendor/laravel/framework/src/Illuminate/Session/Middleware/StartSession.php(64): Illuminate\\Session\\Middleware\\StartSession->handleStatefulRequest(Object(Illuminate\\Http\\Request), Object(Illuminate\\Session\\EncryptedStore), Object(Closure))
#55 /home1/onesend1/public_html/new-freelance.turboconnect.top/vendor/laravel/framework/src/Illuminate/Pipeline/Pipeline.php(180): Illuminate\\Session\\Middleware\\StartSession->handle(Object(Illuminate\\Http\\Request), Object(Closure))
#56 /home1/onesend1/public_html/new-freelance.turboconnect.top/vendor/laravel/framework/src/Illuminate/Cookie/Middleware/AddQueuedCookiesToResponse.php(37): Illuminate\\Pipeline\\Pipeline->Illuminate\\Pipeline\\{closure}(Object(Illuminate\\Http\\Request))
#57 /home1/onesend1/public_html/new-freelance.turboconnect.top/vendor/laravel/framework/src/Illuminate/Pipeline/Pipeline.php(180): Illuminate\\Cookie\\Middleware\\AddQueuedCookiesToResponse->handle(Object(Illuminate\\Http\\Request), Object(Closure))
#58 /home1/onesend1/public_html/new-freelance.turboconnect.top/vendor/laravel/framework/src/Illuminate/Cookie/Middleware/EncryptCookies.php(67): Illuminate\\Pipeline\\Pipeline->Illuminate\\Pipeline\\{closure}(Object(Illuminate\\Http\\Request))
#59 /home1/onesend1/public_html/new-freelance.turboconnect.top/vendor/laravel/framework/src/Illuminate/Pipeline/Pipeline.php(180): Illuminate\\Cookie\\Middleware\\EncryptCookies->handle(Object(Illuminate\\Http\\Request), Object(Closure))
#60 /home1/onesend1/public_html/new-freelance.turboconnect.top/vendor/laravel/framework/src/Illuminate/Pipeline/Pipeline.php(116): Illuminate\\Pipeline\\Pipeline->Illuminate\\Pipeline\\{closure}(Object(Illuminate\\Http\\Request))
#61 /home1/onesend1/public_html/new-freelance.turboconnect.top/vendor/laravel/framework/src/Illuminate/Routing/Router.php(798): Illuminate\\Pipeline\\Pipeline->then(Object(Closure))
#62 /home1/onesend1/public_html/new-freelance.turboconnect.top/vendor/laravel/framework/src/Illuminate/Routing/Router.php(777): Illuminate\\Routing\\Router->runRouteWithinStack(Object(Illuminate\\Routing\\Route), Object(Illuminate\\Http\\Request))
#63 /home1/onesend1/public_html/new-freelance.turboconnect.top/vendor/laravel/framework/src/Illuminate/Routing/Router.php(741): Illuminate\\Routing\\Router->runRoute(Object(Illuminate\\Http\\Request), Object(Illuminate\\Routing\\Route))
#64 /home1/onesend1/public_html/new-freelance.turboconnect.top/vendor/laravel/framework/src/Illuminate/Routing/Router.php(730): Illuminate\\Routing\\Router->dispatchToRoute(Object(Illuminate\\Http\\Request))
#65 /home1/onesend1/public_html/new-freelance.turboconnect.top/vendor/laravel/framework/src/Illuminate/Foundation/Http/Kernel.php(200): Illuminate\\Routing\\Router->dispatch(Object(Illuminate\\Http\\Request))
#66 /home1/onesend1/public_html/new-freelance.turboconnect.top/vendor/laravel/framework/src/Illuminate/Pipeline/Pipeline.php(141): Illuminate\\Foundation\\Http\\Kernel->Illuminate\\Foundation\\Http\\{closure}(Object(Illuminate\\Http\\Request))
#67 /home1/onesend1/public_html/new-freelance.turboconnect.top/vendor/lukeraymonddowning/honey/src/Http/Middleware/BlockSpammers.php(19): Illuminate\\Pipeline\\Pipeline->Illuminate\\Pipeline\\{closure}(Object(Illuminate\\Http\\Request))
#68 /home1/onesend1/public_html/new-freelance.turboconnect.top/vendor/laravel/framework/src/Illuminate/Pipeline/Pipeline.php(180): Lukeraymonddowning\\Honey\\Http\\Middleware\\BlockSpammers->handle(Object(Illuminate\\Http\\Request), Object(Closure))
#69 /home1/onesend1/public_html/new-freelance.turboconnect.top/vendor/livewire/livewire/src/DisableBrowserCache.php(19): Illuminate\\Pipeline\\Pipeline->Illuminate\\Pipeline\\{closure}(Object(Illuminate\\Http\\Request))
#70 /home1/onesend1/public_html/new-freelance.turboconnect.top/vendor/laravel/framework/src/Illuminate/Pipeline/Pipeline.php(180): Livewire\\DisableBrowserCache->handle(Object(Illuminate\\Http\\Request), Object(Closure))
#71 /home1/onesend1/public_html/new-freelance.turboconnect.top/vendor/barryvdh/laravel-debugbar/src/Middleware/InjectDebugbar.php(59): Illuminate\\Pipeline\\Pipeline->Illuminate\\Pipeline\\{closure}(Object(Illuminate\\Http\\Request))
#72 /home1/onesend1/public_html/new-freelance.turboconnect.top/vendor/laravel/framework/src/Illuminate/Pipeline/Pipeline.php(180): Barryvdh\\Debugbar\\Middleware\\InjectDebugbar->handle(Object(Illuminate\\Http\\Request), Object(Closure))
#73 /home1/onesend1/public_html/new-freelance.turboconnect.top/vendor/laravel/framework/src/Illuminate/Foundation/Http/Middleware/TransformsRequest.php(21): Illuminate\\Pipeline\\Pipeline->Illuminate\\Pipeline\\{closure}(Object(Illuminate\\Http\\Request))
#74 /home1/onesend1/public_html/new-freelance.turboconnect.top/vendor/laravel/framework/src/Illuminate/Foundation/Http/Middleware/ConvertEmptyStringsToNull.php(31): Illuminate\\Foundation\\Http\\Middleware\\TransformsRequest->handle(Object(Illuminate\\Http\\Request), Object(Closure))
#75 /home1/onesend1/public_html/new-freelance.turboconnect.top/vendor/laravel/framework/src/Illuminate/Pipeline/Pipeline.php(180): Illuminate\\Foundation\\Http\\Middleware\\ConvertEmptyStringsToNull->handle(Object(Illuminate\\Http\\Request), Object(Closure))
#76 /home1/onesend1/public_html/new-freelance.turboconnect.top/vendor/laravel/framework/src/Illuminate/Foundation/Http/Middleware/TransformsRequest.php(21): Illuminate\\Pipeline\\Pipeline->Illuminate\\Pipeline\\{closure}(Object(Illuminate\\Http\\Request))
#77 /home1/onesend1/public_html/new-freelance.turboconnect.top/vendor/laravel/framework/src/Illuminate/Foundation/Http/Middleware/TrimStrings.php(40): Illuminate\\Foundation\\Http\\Middleware\\TransformsRequest->handle(Object(Illuminate\\Http\\Request), Object(Closure))
#78 /home1/onesend1/public_html/new-freelance.turboconnect.top/vendor/laravel/framework/src/Illuminate/Pipeline/Pipeline.php(180): Illuminate\\Foundation\\Http\\Middleware\\TrimStrings->handle(Object(Illuminate\\Http\\Request), Object(Closure))
#79 /home1/onesend1/public_html/new-freelance.turboconnect.top/vendor/laravel/framework/src/Illuminate/Foundation/Http/Middleware/ValidatePostSize.php(27): Illuminate\\Pipeline\\Pipeline->Illuminate\\Pipeline\\{closure}(Object(Illuminate\\Http\\Request))
#80 /home1/onesend1/public_html/new-freelance.turboconnect.top/vendor/laravel/framework/src/Illuminate/Pipeline/Pipeline.php(180): Illuminate\\Foundation\\Http\\Middleware\\ValidatePostSize->handle(Object(Illuminate\\Http\\Request), Object(Closure))
#81 /home1/onesend1/public_html/new-freelance.turboconnect.top/vendor/laravel/framework/src/Illuminate/Foundation/Http/Middleware/PreventRequestsDuringMaintenance.php(86): Illuminate\\Pipeline\\Pipeline->Illuminate\\Pipeline\\{closure}(Object(Illuminate\\Http\\Request))
#82 /home1/onesend1/public_html/new-freelance.turboconnect.top/vendor/laravel/framework/src/Illuminate/Pipeline/Pipeline.php(180): Illuminate\\Foundation\\Http\\Middleware\\PreventRequestsDuringMaintenance->handle(Object(Illuminate\\Http\\Request), Object(Closure))
#83 /home1/onesend1/public_html/new-freelance.turboconnect.top/vendor/laravel/framework/src/Illuminate/Http/Middleware/HandleCors.php(49): Illuminate\\Pipeline\\Pipeline->Illuminate\\Pipeline\\{closure}(Object(Illuminate\\Http\\Request))
#84 /home1/onesend1/public_html/new-freelance.turboconnect.top/vendor/laravel/framework/src/Illuminate/Pipeline/Pipeline.php(180): Illuminate\\Http\\Middleware\\HandleCors->handle(Object(Illuminate\\Http\\Request), Object(Closure))
#85 /home1/onesend1/public_html/new-freelance.turboconnect.top/vendor/laravel/framework/src/Illuminate/Http/Middleware/TrustProxies.php(39): Illuminate\\Pipeline\\Pipeline->Illuminate\\Pipeline\\{closure}(Object(Illuminate\\Http\\Request))
#86 /home1/onesend1/public_html/new-freelance.turboconnect.top/vendor/laravel/framework/src/Illuminate/Pipeline/Pipeline.php(180): Illuminate\\Http\\Middleware\\TrustProxies->handle(Object(Illuminate\\Http\\Request), Object(Closure))
#87 /home1/onesend1/public_html/new-freelance.turboconnect.top/vendor/laravel/framework/src/Illuminate/Pipeline/Pipeline.php(116): Illuminate\\Pipeline\\Pipeline->Illuminate\\Pipeline\\{closure}(Object(Illuminate\\Http\\Request))
#88 /home1/onesend1/public_html/new-freelance.turboconnect.top/vendor/laravel/framework/src/Illuminate/Foundation/Http/Kernel.php(175): Illuminate\\Pipeline\\Pipeline->then(Object(Closure))
#89 /home1/onesend1/public_html/new-freelance.turboconnect.top/vendor/laravel/framework/src/Illuminate/Foundation/Http/Kernel.php(144): Illuminate\\Foundation\\Http\\Kernel->sendRequestThroughRouter(Object(Illuminate\\Http\\Request))
#90 /home1/onesend1/public_html/new-freelance.turboconnect.top/index.php(52): Illuminate\\Foundation\\Http\\Kernel->handle(Object(Illuminate\\Http\\Request))
#91 {main}
"} 
[2024-08-20 09:40:58] production.ERROR: Unable to find component: [main.includes.header2] {"userId":544,"exception":"[object] (Livewire\\Exceptions\\ComponentNotFoundException(code: 0): Unable to find component: [main.includes.header2] at /home1/onesend1/public_html/new-freelance.turboconnect.top/vendor/livewire/livewire/src/LivewireManager.php:98)
[stacktrace]
#0 /home1/onesend1/public_html/new-freelance.turboconnect.top/vendor/livewire/livewire/src/LivewireManager.php(107): Livewire\\LivewireManager->getClass('main.includes.h...')
#1 /home1/onesend1/public_html/new-freelance.turboconnect.top/vendor/livewire/livewire/src/LifecycleManager.php(29): Livewire\\LivewireManager->getInstance('main.includes.h...', 'tSBJHEI8dscEmng...')
#2 /home1/onesend1/public_html/new-freelance.turboconnect.top/vendor/laravel/framework/src/Illuminate/Support/helpers.php(307): Livewire\\LifecycleManager::Livewire\\{closure}(Object(Livewire\\LifecycleManager))
#3 /home1/onesend1/public_html/new-freelance.turboconnect.top/vendor/livewire/livewire/src/LifecycleManager.php(28): tap(Object(Livewire\\LifecycleManager), Object(Closure))
#4 /home1/onesend1/public_html/new-freelance.turboconnect.top/vendor/livewire/livewire/src/LivewireManager.php(127): Livewire\\LifecycleManager::fromInitialRequest('main.includes.h...', 'tSBJHEI8dscEmng...')
#5 /home1/onesend1/public_html/new-freelance.turboconnect.top/vendor/laravel/framework/src/Illuminate/Support/Facades/Facade.php(353): Livewire\\LivewireManager->mount('main.includes.h...')
#6 /home1/onesend1/public_html/new-freelance.turboconnect.top/storage/framework/views/70f92b5e26a64a3f8f8df95a8cae46af.php(275): Illuminate\\Support\\Facades\\Facade::__callStatic('mount', Array)
#7 /home1/onesend1/public_html/new-freelance.turboconnect.top/vendor/laravel/framework/src/Illuminate/Filesystem/Filesystem.php(124): require('/home1/onesend1...')
#8 /home1/onesend1/public_html/new-freelance.turboconnect.top/vendor/laravel/framework/src/Illuminate/Filesystem/Filesystem.php(125): Illuminate\\Filesystem\\Filesystem::Illuminate\\Filesystem\\{closure}()
#9 /home1/onesend1/public_html/new-freelance.turboconnect.top/vendor/laravel/framework/src/Illuminate/View/Engines/PhpEngine.php(58): Illuminate\\Filesystem\\Filesystem->getRequire('/home1/onesend1...', Array)
#10 /home1/onesend1/public_html/new-freelance.turboconnect.top/vendor/livewire/livewire/src/ComponentConcerns/RendersLivewireComponents.php(69): Illuminate\\View\\Engines\\PhpEngine->evaluatePath('/home1/onesend1...', Array)
#11 /home1/onesend1/public_html/new-freelance.turboconnect.top/vendor/laravel/framework/src/Illuminate/View/Engines/CompilerEngine.php(72): Livewire\\LivewireViewCompilerEngine->evaluatePath('/home1/onesend1...', Array)
#12 /home1/onesend1/public_html/new-freelance.turboconnect.top/vendor/livewire/livewire/src/ComponentConcerns/RendersLivewireComponents.php(35): Illuminate\\View\\Engines\\CompilerEngine->get('/home1/onesend1...', Array)
#13 /home1/onesend1/public_html/new-freelance.turboconnect.top/vendor/laravel/framework/src/Illuminate/View/View.php(195): Livewire\\LivewireViewCompilerEngine->get('/home1/onesend1...', Array)
#14 /home1/onesend1/public_html/new-freelance.turboconnect.top/vendor/laravel/framework/src/Illuminate/View/View.php(178): Illuminate\\View\\View->getContents()
#15 /home1/onesend1/public_html/new-freelance.turboconnect.top/vendor/laravel/framework/src/Illuminate/View/View.php(147): Illuminate\\View\\View->renderContents()
#16 /home1/onesend1/public_html/new-freelance.turboconnect.top/storage/framework/views/20af8fb0a4defb460038489ccd1ea16f.php(6): Illuminate\\View\\View->render()
#17 /home1/onesend1/public_html/new-freelance.turboconnect.top/vendor/laravel/framework/src/Illuminate/Filesystem/Filesystem.php(124): require('/home1/onesend1...')
#18 /home1/onesend1/public_html/new-freelance.turboconnect.top/vendor/laravel/framework/src/Illuminate/Filesystem/Filesystem.php(125): Illuminate\\Filesystem\\Filesystem::Illuminate\\Filesystem\\{closure}()
#19 /home1/onesend1/public_html/new-freelance.turboconnect.top/vendor/laravel/framework/src/Illuminate/View/Engines/PhpEngine.php(58): Illuminate\\Filesystem\\Filesystem->getRequire('/home1/onesend1...', Array)
#20 /home1/onesend1/public_html/new-freelance.turboconnect.top/vendor/livewire/livewire/src/ComponentConcerns/RendersLivewireComponents.php(69): Illuminate\\View\\Engines\\PhpEngine->evaluatePath('/home1/onesend1...', Array)
#21 /home1/onesend1/public_html/new-freelance.turboconnect.top/vendor/laravel/framework/src/Illuminate/View/Engines/CompilerEngine.php(72): Livewire\\LivewireViewCompilerEngine->evaluatePath('/home1/onesend1...', Array)
#22 /home1/onesend1/public_html/new-freelance.turboconnect.top/vendor/livewire/livewire/src/ComponentConcerns/RendersLivewireComponents.php(35): Illuminate\\View\\Engines\\CompilerEngine->get('/home1/onesend1...', Array)
#23 /home1/onesend1/public_html/new-freelance.turboconnect.top/vendor/laravel/framework/src/Illuminate/View/View.php(195): Livewire\\LivewireViewCompilerEngine->get('/home1/onesend1...', Array)
#24 /home1/onesend1/public_html/new-freelance.turboconnect.top/vendor/laravel/framework/src/Illuminate/View/View.php(178): Illuminate\\View\\View->getContents()
#25 /home1/onesend1/public_html/new-freelance.turboconnect.top/vendor/laravel/framework/src/Illuminate/View/View.php(147): Illuminate\\View\\View->renderContents()
#26 /home1/onesend1/public_html/new-freelance.turboconnect.top/vendor/laravel/framework/src/Illuminate/Http/Response.php(69): Illuminate\\View\\View->render()
#27 /home1/onesend1/public_html/new-freelance.turboconnect.top/vendor/laravel/framework/src/Illuminate/Http/Response.php(35): Illuminate\\Http\\Response->setContent(Object(Illuminate\\View\\View))
#28 /home1/onesend1/public_html/new-freelance.turboconnect.top/vendor/laravel/framework/src/Illuminate/Routing/Router.php(911): Illuminate\\Http\\Response->__construct(Object(Illuminate\\View\\View), 200, Array)
#29 /home1/onesend1/public_html/new-freelance.turboconnect.top/vendor/laravel/framework/src/Illuminate/Routing/Router.php(878): Illuminate\\Routing\\Router::toResponse(Object(Illuminate\\Http\\Request), Object(Illuminate\\View\\View))
#30 /home1/onesend1/public_html/new-freelance.turboconnect.top/vendor/laravel/framework/src/Illuminate/Routing/Router.php(798): Illuminate\\Routing\\Router->prepareResponse(Object(Illuminate\\Http\\Request), Object(Illuminate\\View\\View))
#31 /home1/onesend1/public_html/new-freelance.turboconnect.top/vendor/laravel/framework/src/Illuminate/Pipeline/Pipeline.php(141): Illuminate\\Routing\\Router->Illuminate\\Routing\\{closure}(Object(Illuminate\\Http\\Request))
#32 /home1/onesend1/public_html/new-freelance.turboconnect.top/vendor/ralphjsmit/livewire-urls/src/Middleware/LivewireUrlsMiddleware.php(32): Illuminate\\Pipeline\\Pipeline->Illuminate\\Pipeline\\{closure}(Object(Illuminate\\Http\\Request))
#33 /home1/onesend1/public_html/new-freelance.turboconnect.top/vendor/laravel/framework/src/Illuminate/Pipeline/Pipeline.php(180): RalphJSmit\\Livewire\\Urls\\Middleware\\LivewireUrlsMiddleware->handle(Object(Illuminate\\Http\\Request), Object(Closure))
#34 /home1/onesend1/public_html/new-freelance.turboconnect.top/app/Http/Middleware/XFrameHeaders.php(31): Illuminate\\Pipeline\\Pipeline->Illuminate\\Pipeline\\{closure}(Object(Illuminate\\Http\\Request))
#35 /home1/onesend1/public_html/new-freelance.turboconnect.top/vendor/laravel/framework/src/Illuminate/Pipeline/Pipeline.php(180): App\\Http\\Middleware\\XFrameHeaders->handle(Object(Illuminate\\Http\\Request), Object(Closure))
#36 /home1/onesend1/public_html/new-freelance.turboconnect.top/app/Http/Middleware/UpgradeLevel.php(95): Illuminate\\Pipeline\\Pipeline->Illuminate\\Pipeline\\{closure}(Object(Illuminate\\Http\\Request))
#37 /home1/onesend1/public_html/new-freelance.turboconnect.top/vendor/laravel/framework/src/Illuminate/Pipeline/Pipeline.php(180): App\\Http\\Middleware\\UpgradeLevel->handle(Object(Illuminate\\Http\\Request), Object(Closure))
#38 /home1/onesend1/public_html/new-freelance.turboconnect.top/app/Http/Middleware/UserLastActivity.php(25): Illuminate\\Pipeline\\Pipeline->Illuminate\\Pipeline\\{closure}(Object(Illuminate\\Http\\Request))
#39 /home1/onesend1/public_html/new-freelance.turboconnect.top/vendor/laravel/framework/src/Illuminate/Pipeline/Pipeline.php(180): App\\Http\\Middleware\\UserLastActivity->handle(Object(Illuminate\\Http\\Request), Object(Closure))
#40 /home1/onesend1/public_html/new-freelance.turboconnect.top/app/Http/Middleware/SetLocale.php(65): Illuminate\\Pipeline\\Pipeline->Illuminate\\Pipeline\\{closure}(Object(Illuminate\\Http\\Request))
#41 /home1/onesend1/public_html/new-freelance.turboconnect.top/vendor/laravel/framework/src/Illuminate/Pipeline/Pipeline.php(180): App\\Http\\Middleware\\SetLocale->handle(Object(Illuminate\\Http\\Request), Object(Closure))
#42 /home1/onesend1/public_html/new-freelance.turboconnect.top/vendor/laravel/framework/src/Illuminate/Routing/Middleware/SubstituteBindings.php(50): Illuminate\\Pipeline\\Pipeline->Illuminate\\Pipeline\\{closure}(Object(Illuminate\\Http\\Request))
#43 /home1/onesend1/public_html/new-freelance.turboconnect.top/vendor/laravel/framework/src/Illuminate/Pipeline/Pipeline.php(180): Illuminate\\Routing\\Middleware\\SubstituteBindings->handle(Object(Illuminate\\Http\\Request), Object(Closure))
#44 /home1/onesend1/public_html/new-freelance.turboconnect.top/vendor/laravel/framework/src/Illuminate/Session/Middleware/AuthenticateSession.php(60): Illuminate\\Pipeline\\Pipeline->Illuminate\\Pipeline\\{closure}(Object(Illuminate\\Http\\Request))
#45 /home1/onesend1/public_html/new-freelance.turboconnect.top/vendor/laravel/framework/src/Illuminate/Pipeline/Pipeline.php(180): Illuminate\\Session\\Middleware\\AuthenticateSession->handle(Object(Illuminate\\Http\\Request), Object(Closure))
#46 /home1/onesend1/public_html/new-freelance.turboconnect.top/vendor/laravel/framework/src/Illuminate/Auth/Middleware/Authenticate.php(57): Illuminate\\Pipeline\\Pipeline->Illuminate\\Pipeline\\{closure}(Object(Illuminate\\Http\\Request))
#47 /home1/onesend1/public_html/new-freelance.turboconnect.top/vendor/laravel/framework/src/Illuminate/Pipeline/Pipeline.php(180): Illuminate\\Auth\\Middleware\\Authenticate->handle(Object(Illuminate\\Http\\Request), Object(Closure))
#48 /home1/onesend1/public_html/new-freelance.turboconnect.top/vendor/laravel/framework/src/Illuminate/Foundation/Http/Middleware/VerifyCsrfToken.php(78): Illuminate\\Pipeline\\Pipeline->Illuminate\\Pipeline\\{closure}(Object(Illuminate\\Http\\Request))
#49 /home1/onesend1/public_html/new-freelance.turboconnect.top/app/Http/Middleware/VerifyCsrfToken.php(24): Illuminate\\Foundation\\Http\\Middleware\\VerifyCsrfToken->handle(Object(Illuminate\\Http\\Request), Object(Closure))
#50 /home1/onesend1/public_html/new-freelance.turboconnect.top/vendor/laravel/framework/src/Illuminate/Pipeline/Pipeline.php(180): App\\Http\\Middleware\\VerifyCsrfToken->handle(Object(Illuminate\\Http\\Request), Object(Closure))
#51 /home1/onesend1/public_html/new-freelance.turboconnect.top/vendor/laravel/framework/src/Illuminate/View/Middleware/ShareErrorsFromSession.php(49): Illuminate\\Pipeline\\Pipeline->Illuminate\\Pipeline\\{closure}(Object(Illuminate\\Http\\Request))
#52 /home1/onesend1/public_html/new-freelance.turboconnect.top/vendor/laravel/framework/src/Illuminate/Pipeline/Pipeline.php(180): Illuminate\\View\\Middleware\\ShareErrorsFromSession->handle(Object(Illuminate\\Http\\Request), Object(Closure))
#53 /home1/onesend1/public_html/new-freelance.turboconnect.top/vendor/laravel/framework/src/Illuminate/Session/Middleware/StartSession.php(121): Illuminate\\Pipeline\\Pipeline->Illuminate\\Pipeline\\{closure}(Object(Illuminate\\Http\\Request))
#54 /home1/onesend1/public_html/new-freelance.turboconnect.top/vendor/laravel/framework/src/Illuminate/Session/Middleware/StartSession.php(64): Illuminate\\Session\\Middleware\\StartSession->handleStatefulRequest(Object(Illuminate\\Http\\Request), Object(Illuminate\\Session\\EncryptedStore), Object(Closure))
#55 /home1/onesend1/public_html/new-freelance.turboconnect.top/vendor/laravel/framework/src/Illuminate/Pipeline/Pipeline.php(180): Illuminate\\Session\\Middleware\\StartSession->handle(Object(Illuminate\\Http\\Request), Object(Closure))
#56 /home1/onesend1/public_html/new-freelance.turboconnect.top/vendor/laravel/framework/src/Illuminate/Cookie/Middleware/AddQueuedCookiesToResponse.php(37): Illuminate\\Pipeline\\Pipeline->Illuminate\\Pipeline\\{closure}(Object(Illuminate\\Http\\Request))
#57 /home1/onesend1/public_html/new-freelance.turboconnect.top/vendor/laravel/framework/src/Illuminate/Pipeline/Pipeline.php(180): Illuminate\\Cookie\\Middleware\\AddQueuedCookiesToResponse->handle(Object(Illuminate\\Http\\Request), Object(Closure))
#58 /home1/onesend1/public_html/new-freelance.turboconnect.top/vendor/laravel/framework/src/Illuminate/Cookie/Middleware/EncryptCookies.php(67): Illuminate\\Pipeline\\Pipeline->Illuminate\\Pipeline\\{closure}(Object(Illuminate\\Http\\Request))
#59 /home1/onesend1/public_html/new-freelance.turboconnect.top/vendor/laravel/framework/src/Illuminate/Pipeline/Pipeline.php(180): Illuminate\\Cookie\\Middleware\\EncryptCookies->handle(Object(Illuminate\\Http\\Request), Object(Closure))
#60 /home1/onesend1/public_html/new-freelance.turboconnect.top/vendor/laravel/framework/src/Illuminate/Pipeline/Pipeline.php(116): Illuminate\\Pipeline\\Pipeline->Illuminate\\Pipeline\\{closure}(Object(Illuminate\\Http\\Request))
#61 /home1/onesend1/public_html/new-freelance.turboconnect.top/vendor/laravel/framework/src/Illuminate/Routing/Router.php(798): Illuminate\\Pipeline\\Pipeline->then(Object(Closure))
#62 /home1/onesend1/public_html/new-freelance.turboconnect.top/vendor/laravel/framework/src/Illuminate/Routing/Router.php(777): Illuminate\\Routing\\Router->runRouteWithinStack(Object(Illuminate\\Routing\\Route), Object(Illuminate\\Http\\Request))
#63 /home1/onesend1/public_html/new-freelance.turboconnect.top/vendor/laravel/framework/src/Illuminate/Routing/Router.php(741): Illuminate\\Routing\\Router->runRoute(Object(Illuminate\\Http\\Request), Object(Illuminate\\Routing\\Route))
#64 /home1/onesend1/public_html/new-freelance.turboconnect.top/vendor/laravel/framework/src/Illuminate/Routing/Router.php(730): Illuminate\\Routing\\Router->dispatchToRoute(Object(Illuminate\\Http\\Request))
#65 /home1/onesend1/public_html/new-freelance.turboconnect.top/vendor/laravel/framework/src/Illuminate/Foundation/Http/Kernel.php(200): Illuminate\\Routing\\Router->dispatch(Object(Illuminate\\Http\\Request))
#66 /home1/onesend1/public_html/new-freelance.turboconnect.top/vendor/laravel/framework/src/Illuminate/Pipeline/Pipeline.php(141): Illuminate\\Foundation\\Http\\Kernel->Illuminate\\Foundation\\Http\\{closure}(Object(Illuminate\\Http\\Request))
#67 /home1/onesend1/public_html/new-freelance.turboconnect.top/vendor/lukeraymonddowning/honey/src/Http/Middleware/BlockSpammers.php(19): Illuminate\\Pipeline\\Pipeline->Illuminate\\Pipeline\\{closure}(Object(Illuminate\\Http\\Request))
#68 /home1/onesend1/public_html/new-freelance.turboconnect.top/vendor/laravel/framework/src/Illuminate/Pipeline/Pipeline.php(180): Lukeraymonddowning\\Honey\\Http\\Middleware\\BlockSpammers->handle(Object(Illuminate\\Http\\Request), Object(Closure))
#69 /home1/onesend1/public_html/new-freelance.turboconnect.top/vendor/livewire/livewire/src/DisableBrowserCache.php(19): Illuminate\\Pipeline\\Pipeline->Illuminate\\Pipeline\\{closure}(Object(Illuminate\\Http\\Request))
#70 /home1/onesend1/public_html/new-freelance.turboconnect.top/vendor/laravel/framework/src/Illuminate/Pipeline/Pipeline.php(180): Livewire\\DisableBrowserCache->handle(Object(Illuminate\\Http\\Request), Object(Closure))
#71 /home1/onesend1/public_html/new-freelance.turboconnect.top/vendor/barryvdh/laravel-debugbar/src/Middleware/InjectDebugbar.php(59): Illuminate\\Pipeline\\Pipeline->Illuminate\\Pipeline\\{closure}(Object(Illuminate\\Http\\Request))
#72 /home1/onesend1/public_html/new-freelance.turboconnect.top/vendor/laravel/framework/src/Illuminate/Pipeline/Pipeline.php(180): Barryvdh\\Debugbar\\Middleware\\InjectDebugbar->handle(Object(Illuminate\\Http\\Request), Object(Closure))
#73 /home1/onesend1/public_html/new-freelance.turboconnect.top/vendor/laravel/framework/src/Illuminate/Foundation/Http/Middleware/TransformsRequest.php(21): Illuminate\\Pipeline\\Pipeline->Illuminate\\Pipeline\\{closure}(Object(Illuminate\\Http\\Request))
#74 /home1/onesend1/public_html/new-freelance.turboconnect.top/vendor/laravel/framework/src/Illuminate/Foundation/Http/Middleware/ConvertEmptyStringsToNull.php(31): Illuminate\\Foundation\\Http\\Middleware\\TransformsRequest->handle(Object(Illuminate\\Http\\Request), Object(Closure))
#75 /home1/onesend1/public_html/new-freelance.turboconnect.top/vendor/laravel/framework/src/Illuminate/Pipeline/Pipeline.php(180): Illuminate\\Foundation\\Http\\Middleware\\ConvertEmptyStringsToNull->handle(Object(Illuminate\\Http\\Request), Object(Closure))
#76 /home1/onesend1/public_html/new-freelance.turboconnect.top/vendor/laravel/framework/src/Illuminate/Foundation/Http/Middleware/TransformsRequest.php(21): Illuminate\\Pipeline\\Pipeline->Illuminate\\Pipeline\\{closure}(Object(Illuminate\\Http\\Request))
#77 /home1/onesend1/public_html/new-freelance.turboconnect.top/vendor/laravel/framework/src/Illuminate/Foundation/Http/Middleware/TrimStrings.php(40): Illuminate\\Foundation\\Http\\Middleware\\TransformsRequest->handle(Object(Illuminate\\Http\\Request), Object(Closure))
#78 /home1/onesend1/public_html/new-freelance.turboconnect.top/vendor/laravel/framework/src/Illuminate/Pipeline/Pipeline.php(180): Illuminate\\Foundation\\Http\\Middleware\\TrimStrings->handle(Object(Illuminate\\Http\\Request), Object(Closure))
#79 /home1/onesend1/public_html/new-freelance.turboconnect.top/vendor/laravel/framework/src/Illuminate/Foundation/Http/Middleware/ValidatePostSize.php(27): Illuminate\\Pipeline\\Pipeline->Illuminate\\Pipeline\\{closure}(Object(Illuminate\\Http\\Request))
#80 /home1/onesend1/public_html/new-freelance.turboconnect.top/vendor/laravel/framework/src/Illuminate/Pipeline/Pipeline.php(180): Illuminate\\Foundation\\Http\\Middleware\\ValidatePostSize->handle(Object(Illuminate\\Http\\Request), Object(Closure))
#81 /home1/onesend1/public_html/new-freelance.turboconnect.top/vendor/laravel/framework/src/Illuminate/Foundation/Http/Middleware/PreventRequestsDuringMaintenance.php(86): Illuminate\\Pipeline\\Pipeline->Illuminate\\Pipeline\\{closure}(Object(Illuminate\\Http\\Request))
#82 /home1/onesend1/public_html/new-freelance.turboconnect.top/vendor/laravel/framework/src/Illuminate/Pipeline/Pipeline.php(180): Illuminate\\Foundation\\Http\\Middleware\\PreventRequestsDuringMaintenance->handle(Object(Illuminate\\Http\\Request), Object(Closure))
#83 /home1/onesend1/public_html/new-freelance.turboconnect.top/vendor/laravel/framework/src/Illuminate/Http/Middleware/HandleCors.php(49): Illuminate\\Pipeline\\Pipeline->Illuminate\\Pipeline\\{closure}(Object(Illuminate\\Http\\Request))
#84 /home1/onesend1/public_html/new-freelance.turboconnect.top/vendor/laravel/framework/src/Illuminate/Pipeline/Pipeline.php(180): Illuminate\\Http\\Middleware\\HandleCors->handle(Object(Illuminate\\Http\\Request), Object(Closure))
#85 /home1/onesend1/public_html/new-freelance.turboconnect.top/vendor/laravel/framework/src/Illuminate/Http/Middleware/TrustProxies.php(39): Illuminate\\Pipeline\\Pipeline->Illuminate\\Pipeline\\{closure}(Object(Illuminate\\Http\\Request))
#86 /home1/onesend1/public_html/new-freelance.turboconnect.top/vendor/laravel/framework/src/Illuminate/Pipeline/Pipeline.php(180): Illuminate\\Http\\Middleware\\TrustProxies->handle(Object(Illuminate\\Http\\Request), Object(Closure))
#87 /home1/onesend1/public_html/new-freelance.turboconnect.top/vendor/laravel/framework/src/Illuminate/Pipeline/Pipeline.php(116): Illuminate\\Pipeline\\Pipeline->Illuminate\\Pipeline\\{closure}(Object(Illuminate\\Http\\Request))
#88 /home1/onesend1/public_html/new-freelance.turboconnect.top/vendor/laravel/framework/src/Illuminate/Foundation/Http/Kernel.php(175): Illuminate\\Pipeline\\Pipeline->then(Object(Closure))
#89 /home1/onesend1/public_html/new-freelance.turboconnect.top/vendor/laravel/framework/src/Illuminate/Foundation/Http/Kernel.php(144): Illuminate\\Foundation\\Http\\Kernel->sendRequestThroughRouter(Object(Illuminate\\Http\\Request))
#90 /home1/onesend1/public_html/new-freelance.turboconnect.top/index.php(52): Illuminate\\Foundation\\Http\\Kernel->handle(Object(Illuminate\\Http\\Request))
#91 {main}
"} 
[2024-08-20 10:31:51] production.ERROR: Undefined variable $review {"view":{"view":"/home1/onesend1/public_html/new-freelance.turboconnect.top/resources/views/livewire/main/account/reviews/reviews.blade.php","data":{"errors":"<pre class=sf-dump id=sf-dump-1820216191 data-indent-pad=\"  \"><span class=sf-dump-note>Illuminate\\Support\\ViewErrorBag</span> {<a class=sf-dump-ref>#983</a><samp data-depth=1 class=sf-dump-expanded>
  #<span class=sf-dump-protected title=\"Protected property\">bags</span>: []
</samp>}
</pre><script>Sfdump(\"sf-dump-1820216191\", {\"maxDepth\":3,\"maxStringLength\":160})</script>
","view":"<pre class=sf-dump id=sf-dump-1494499074 data-indent-pad=\"  \">\"<span class=sf-dump-str title=\"25 characters\">livewire.main.layout.app2</span>\"
</pre><script>Sfdump(\"sf-dump-1494499074\", {\"maxDepth\":3,\"maxStringLength\":160})</script>
","params":"<pre class=sf-dump id=sf-dump-1526132788 data-indent-pad=\"  \">[]
</pre><script>Sfdump(\"sf-dump-1526132788\", {\"maxDepth\":3,\"maxStringLength\":160})</script>
","slotOrSection":"<pre class=sf-dump id=sf-dump-222755276 data-indent-pad=\"  \">\"<span class=sf-dump-str title=\"7 characters\">content</span>\"
</pre><script>Sfdump(\"sf-dump-222755276\", {\"maxDepth\":3,\"maxStringLength\":160})</script>
","manager":"<pre class=sf-dump id=sf-dump-936743525 data-indent-pad=\"  \"><span class=sf-dump-note>Livewire\\LifecycleManager</span> {<a class=sf-dump-ref>#1958</a><samp data-depth=1 class=sf-dump-expanded>
  +<span class=sf-dump-public title=\"Public property\">request</span>: <span class=sf-dump-note title=\"Livewire\\Request
\"><span class=\"sf-dump-ellipsis sf-dump-ellipsis-note\">Livewire</span><span class=\"sf-dump-ellipsis sf-dump-ellipsis-note\">\\</span>Request</span> {<a class=sf-dump-ref href=#sf-dump-936743525-ref21978 title=\"2 occurrences\">#1978</a><samp data-depth=2 id=sf-dump-936743525-ref21978 class=sf-dump-compact>
    +<span class=sf-dump-public title=\"Public property\">fingerprint</span>: <span class=sf-dump-note>array:5</span> [<samp data-depth=3 class=sf-dump-compact>
      \"<span class=sf-dump-key>id</span>\" => \"<span class=sf-dump-str title=\"20 characters\">tROv3kYrhUstqxqaTj8a</span>\"
      \"<span class=sf-dump-key>name</span>\" => \"<span class=sf-dump-str title=\"38 characters\">main.account.reviews.reviews-component</span>\"
      \"<span class=sf-dump-key>locale</span>\" => \"<span class=sf-dump-str title=\"2 characters\">en</span>\"
      \"<span class=sf-dump-key>path</span>\" => \"<span class=sf-dump-str title=\"15 characters\">account/reviews</span>\"
      \"<span class=sf-dump-key>method</span>\" => \"<span class=sf-dump-str title=\"3 characters\">GET</span>\"
    </samp>]
    +<span class=sf-dump-public title=\"Public property\">updates</span>: []
    +<span class=sf-dump-public title=\"Public property\">memo</span>: []
  </samp>}
  +<span class=sf-dump-public title=\"Public property\">instance</span>: <span class=sf-dump-note title=\"App\\Http\\Livewire\\Main\\Account\\Reviews\\ReviewsComponent
\"><span class=\"sf-dump-ellipsis sf-dump-ellipsis-note\">App\\Http\\Livewire\\Main\\Account\\Reviews</span><span class=\"sf-dump-ellipsis sf-dump-ellipsis-note\">\\</span>ReviewsComponent</span> {<a class=sf-dump-ref href=#sf-dump-936743525-ref21986 title=\"3 occurrences\">#1986</a><samp data-depth=2 id=sf-dump-936743525-ref21986 class=sf-dump-compact>
    +<span class=sf-dump-public title=\"Public property\">id</span>: \"<span class=sf-dump-str title=\"20 characters\">tROv3kYrhUstqxqaTj8a</span>\"
    #<span class=sf-dump-protected title=\"Protected property\">queryString</span>: []
    #<span class=sf-dump-protected title=\"Protected property\">computedPropertyCache</span>: <span class=sf-dump-note>array:1</span> [<samp data-depth=3 class=sf-dump-compact>
      \"<span class=sf-dump-key>reviews</span>\" => <span class=sf-dump-note title=\"Illuminate\\Pagination\\LengthAwarePaginator
\"><span class=\"sf-dump-ellipsis sf-dump-ellipsis-note\">Illuminate\\Pagination</span><span class=\"sf-dump-ellipsis sf-dump-ellipsis-note\">\\</span>LengthAwarePaginator</span> {<a class=sf-dump-ref href=#sf-dump-936743525-ref22006 title=\"2 occurrences\">#2006</a> &#8230;11}
    </samp>]
    #<span class=sf-dump-protected title=\"Protected property\">shouldSkipRender</span>: <span class=sf-dump-const>null</span>
    #<span class=sf-dump-protected title=\"Protected property\">preRenderedView</span>: <span class=sf-dump-note title=\"Illuminate\\View\\View
\"><span class=\"sf-dump-ellipsis sf-dump-ellipsis-note\">Illuminate\\View</span><span class=\"sf-dump-ellipsis sf-dump-ellipsis-note\">\\</span>View</span> {<a class=sf-dump-ref>#1993</a><samp data-depth=3 class=sf-dump-compact>
      #<span class=sf-dump-protected title=\"Protected property\">factory</span>: <span class=sf-dump-note title=\"Illuminate\\View\\Factory
\"><span class=\"sf-dump-ellipsis sf-dump-ellipsis-note\">Illuminate\\View</span><span class=\"sf-dump-ellipsis sf-dump-ellipsis-note\">\\</span>Factory</span> {<a class=sf-dump-ref>#984</a> &#8230;23}
      #<span class=sf-dump-protected title=\"Protected property\">engine</span>: <span class=sf-dump-note title=\"Livewire\\LivewireViewCompilerEngine
\"><span class=\"sf-dump-ellipsis sf-dump-ellipsis-note\">Livewire</span><span class=\"sf-dump-ellipsis sf-dump-ellipsis-note\">\\</span>LivewireViewCompilerEngine</span> {<a class=sf-dump-ref>#1996</a> &#8230;5}
      #<span class=sf-dump-protected title=\"Protected property\">view</span>: \"<span class=sf-dump-str title=\"37 characters\">livewire.main.account.reviews.reviews</span>\"
      #<span class=sf-dump-protected title=\"Protected property\">data</span>: <span class=sf-dump-note>array:6</span> [ &#8230;6]
      #<span class=sf-dump-protected title=\"Protected property\">path</span>: \"<span class=sf-dump-str title=\"122 characters\">/home1/onesend1/public_html/new-freelance.turboconnect.top/resources/views/livewire/main/account/reviews/reviews.blade.php</span>\"
    </samp>}
    #<span class=sf-dump-protected title=\"Protected property\">forStack</span>: []
    #<span class=sf-dump-protected title=\"Protected property\">errorBag</span>: <span class=sf-dump-note title=\"Illuminate\\Support\\MessageBag
\"><span class=\"sf-dump-ellipsis sf-dump-ellipsis-note\">Illuminate\\Support</span><span class=\"sf-dump-ellipsis sf-dump-ellipsis-note\">\\</span>MessageBag</span> {<a class=sf-dump-ref href=#sf-dump-936743525-ref21975 title=\"2 occurrences\">#1975</a><samp data-depth=3 id=sf-dump-936743525-ref21975 class=sf-dump-compact>
      #<span class=sf-dump-protected title=\"Protected property\">messages</span>: []
      #<span class=sf-dump-protected title=\"Protected property\">format</span>: \"<span class=sf-dump-str title=\"8 characters\">:message</span>\"
    </samp>}
    #<span class=sf-dump-protected title=\"Protected property\">withValidatorCallback</span>: <span class=sf-dump-const>null</span>
    #<span class=sf-dump-protected title=\"Protected property\">eventQueue</span>: []
    #<span class=sf-dump-protected title=\"Protected property\">dispatchQueue</span>: []
    #<span class=sf-dump-protected title=\"Protected property\">listeners</span>: []
    +<span class=sf-dump-public title=\"Public property\">redirectTo</span>: <span class=sf-dump-const>null</span>
    #<span class=sf-dump-protected title=\"Protected property\">renderedChildren</span>: []
    #<span class=sf-dump-protected title=\"Protected property\">previouslyRenderedChildren</span>: []
    +<span class=sf-dump-public title=\"Public property\">page</span>: <span class=sf-dump-num>1</span>
    +<span class=sf-dump-public title=\"Public property\">paginators</span>: <span class=sf-dump-note>array:1</span> [<samp data-depth=3 class=sf-dump-compact>
      \"<span class=sf-dump-key>page</span>\" => <span class=sf-dump-num>1</span>
    </samp>]
    #<span class=sf-dump-protected title=\"Protected property\">numberOfPaginatorsRendered</span>: []
  </samp>}
  +<span class=sf-dump-public title=\"Public property\">response</span>: <span class=sf-dump-note title=\"Livewire\\Response
\"><span class=\"sf-dump-ellipsis sf-dump-ellipsis-note\">Livewire</span><span class=\"sf-dump-ellipsis sf-dump-ellipsis-note\">\\</span>Response</span> {<a class=sf-dump-ref>#2004</a><samp data-depth=2 class=sf-dump-compact>
    +<span class=sf-dump-public title=\"Public property\">request</span>: <span class=sf-dump-note title=\"Livewire\\Request
\"><span class=\"sf-dump-ellipsis sf-dump-ellipsis-note\">Livewire</span><span class=\"sf-dump-ellipsis sf-dump-ellipsis-note\">\\</span>Request</span> {<a class=sf-dump-ref href=#sf-dump-936743525-ref21978 title=\"2 occurrences\">#1978</a>}
    +<span class=sf-dump-public title=\"Public property\">fingerprint</span>: <span class=sf-dump-note>array:5</span> [<samp data-depth=3 class=sf-dump-compact>
      \"<span class=sf-dump-key>id</span>\" => \"<span class=sf-dump-str title=\"20 characters\">tROv3kYrhUstqxqaTj8a</span>\"
      \"<span class=sf-dump-key>name</span>\" => \"<span class=sf-dump-str title=\"38 characters\">main.account.reviews.reviews-component</span>\"
      \"<span class=sf-dump-key>locale</span>\" => \"<span class=sf-dump-str title=\"2 characters\">en</span>\"
      \"<span class=sf-dump-key>path</span>\" => \"<span class=sf-dump-str title=\"15 characters\">account/reviews</span>\"
      \"<span class=sf-dump-key>method</span>\" => \"<span class=sf-dump-str title=\"3 characters\">GET</span>\"
    </samp>]
    +<span class=sf-dump-public title=\"Public property\">effects</span>: []
    +<span class=sf-dump-public title=\"Public property\">memo</span>: []
  </samp>}
</samp>}
</pre><script>Sfdump(\"sf-dump-936743525\", {\"maxDepth\":3,\"maxStringLength\":160})</script>
"}},"userId":544,"exception":"[object] (Spatie\\LaravelIgnition\\Exceptions\\ViewException(code: 0): Undefined variable $review at /home1/onesend1/public_html/new-freelance.turboconnect.top/resources/views/livewire/main/account/reviews/reviews.blade.php:136)
[stacktrace]
#0 /home1/onesend1/public_html/new-freelance.turboconnect.top/vendor/laravel/framework/src/Illuminate/Foundation/Bootstrap/HandleExceptions.php(254): Illuminate\\Foundation\\Bootstrap\\HandleExceptions->handleError(2, 'Undefined varia...', '/home1/onesend1...', 152)
#1 /home1/onesend1/public_html/new-freelance.turboconnect.top/resources/views/livewire/main/account/reviews/reviews.blade.php(136): Illuminate\\Foundation\\Bootstrap\\HandleExceptions->Illuminate\\Foundation\\Bootstrap\\{closure}(2, 'Undefined varia...', '/home1/onesend1...', 152)
#2 /home1/onesend1/public_html/new-freelance.turboconnect.top/vendor/livewire/livewire/src/ComponentConcerns/RendersLivewireComponents.php(83): include('/home1/onesend1...')
#3 /home1/onesend1/public_html/new-freelance.turboconnect.top/vendor/livewire/livewire/src/ComponentConcerns/RendersLivewireComponents.php(84): App\\Http\\Livewire\\Main\\Account\\Reviews\\ReviewsComponent->Livewire\\ComponentConcerns\\{closure}()
#4 /home1/onesend1/public_html/new-freelance.turboconnect.top/vendor/livewire/livewire/src/ComponentConcerns/RendersLivewireComponents.php(59): Livewire\\LivewireViewCompilerEngine->evaluatePath('/home1/onesend1...', Array)
#5 /home1/onesend1/public_html/new-freelance.turboconnect.top/vendor/laravel/framework/src/Illuminate/View/View.php(195): Livewire\\LivewireViewCompilerEngine->get('/home1/onesend1...', Array)
#6 /home1/onesend1/public_html/new-freelance.turboconnect.top/vendor/laravel/framework/src/Illuminate/View/View.php(178): Illuminate\\View\\View->getContents()
#7 /home1/onesend1/public_html/new-freelance.turboconnect.top/vendor/laravel/framework/src/Illuminate/View/View.php(147): Illuminate\\View\\View->renderContents()
#8 /home1/onesend1/public_html/new-freelance.turboconnect.top/vendor/livewire/livewire/src/Component.php(235): Illuminate\\View\\View->render()
#9 /home1/onesend1/public_html/new-freelance.turboconnect.top/vendor/livewire/livewire/src/HydrationMiddleware/RenderView.php(14): Livewire\\Component->output()
#10 /home1/onesend1/public_html/new-freelance.turboconnect.top/vendor/livewire/livewire/src/LifecycleManager.php(141): Livewire\\HydrationMiddleware\\RenderView::dehydrate(Object(App\\Http\\Livewire\\Main\\Account\\Reviews\\ReviewsComponent), Object(Livewire\\Response))
#11 /home1/onesend1/public_html/new-freelance.turboconnect.top/vendor/livewire/livewire/src/Macros/livewire-view-extends.blade.php(4): Livewire\\LifecycleManager->initialDehydrate()
#12 /home1/onesend1/public_html/new-freelance.turboconnect.top/vendor/laravel/framework/src/Illuminate/Filesystem/Filesystem.php(124): require('/home1/onesend1...')
#13 /home1/onesend1/public_html/new-freelance.turboconnect.top/vendor/laravel/framework/src/Illuminate/Filesystem/Filesystem.php(125): Illuminate\\Filesystem\\Filesystem::Illuminate\\Filesystem\\{closure}()
#14 /home1/onesend1/public_html/new-freelance.turboconnect.top/vendor/laravel/framework/src/Illuminate/View/Engines/PhpEngine.php(58): Illuminate\\Filesystem\\Filesystem->getRequire('/home1/onesend1...', Array)
#15 /home1/onesend1/public_html/new-freelance.turboconnect.top/vendor/livewire/livewire/src/ComponentConcerns/RendersLivewireComponents.php(69): Illuminate\\View\\Engines\\PhpEngine->evaluatePath('/home1/onesend1...', Array)
#16 /home1/onesend1/public_html/new-freelance.turboconnect.top/vendor/laravel/framework/src/Illuminate/View/Engines/CompilerEngine.php(72): Livewire\\LivewireViewCompilerEngine->evaluatePath('/home1/onesend1...', Array)
#17 /home1/onesend1/public_html/new-freelance.turboconnect.top/vendor/livewire/livewire/src/ComponentConcerns/RendersLivewireComponents.php(35): Illuminate\\View\\Engines\\CompilerEngine->get('/home1/onesend1...', Array)
#18 /home1/onesend1/public_html/new-freelance.turboconnect.top/vendor/laravel/framework/src/Illuminate/View/View.php(195): Livewire\\LivewireViewCompilerEngine->get('/home1/onesend1...', Array)
#19 /home1/onesend1/public_html/new-freelance.turboconnect.top/vendor/laravel/framework/src/Illuminate/View/View.php(178): Illuminate\\View\\View->getContents()
#20 /home1/onesend1/public_html/new-freelance.turboconnect.top/vendor/laravel/framework/src/Illuminate/View/View.php(147): Illuminate\\View\\View->renderContents()
#21 /home1/onesend1/public_html/new-freelance.turboconnect.top/vendor/laravel/framework/src/Illuminate/Http/Response.php(69): Illuminate\\View\\View->render()
#22 /home1/onesend1/public_html/new-freelance.turboconnect.top/vendor/laravel/framework/src/Illuminate/Http/Response.php(35): Illuminate\\Http\\Response->setContent(Object(Illuminate\\View\\View))
#23 /home1/onesend1/public_html/new-freelance.turboconnect.top/vendor/laravel/framework/src/Illuminate/Routing/Router.php(911): Illuminate\\Http\\Response->__construct(Object(Illuminate\\View\\View), 200, Array)
#24 /home1/onesend1/public_html/new-freelance.turboconnect.top/vendor/laravel/framework/src/Illuminate/Routing/Router.php(878): Illuminate\\Routing\\Router::toResponse(Object(Illuminate\\Http\\Request), Object(Illuminate\\View\\View))
#25 /home1/onesend1/public_html/new-freelance.turboconnect.top/vendor/laravel/framework/src/Illuminate/Routing/Router.php(798): Illuminate\\Routing\\Router->prepareResponse(Object(Illuminate\\Http\\Request), Object(Illuminate\\View\\View))
#26 /home1/onesend1/public_html/new-freelance.turboconnect.top/vendor/laravel/framework/src/Illuminate/Pipeline/Pipeline.php(141): Illuminate\\Routing\\Router->Illuminate\\Routing\\{closure}(Object(Illuminate\\Http\\Request))
#27 /home1/onesend1/public_html/new-freelance.turboconnect.top/vendor/ralphjsmit/livewire-urls/src/Middleware/LivewireUrlsMiddleware.php(32): Illuminate\\Pipeline\\Pipeline->Illuminate\\Pipeline\\{closure}(Object(Illuminate\\Http\\Request))
#28 /home1/onesend1/public_html/new-freelance.turboconnect.top/vendor/laravel/framework/src/Illuminate/Pipeline/Pipeline.php(180): RalphJSmit\\Livewire\\Urls\\Middleware\\LivewireUrlsMiddleware->handle(Object(Illuminate\\Http\\Request), Object(Closure))
#29 /home1/onesend1/public_html/new-freelance.turboconnect.top/app/Http/Middleware/XFrameHeaders.php(31): Illuminate\\Pipeline\\Pipeline->Illuminate\\Pipeline\\{closure}(Object(Illuminate\\Http\\Request))
#30 /home1/onesend1/public_html/new-freelance.turboconnect.top/vendor/laravel/framework/src/Illuminate/Pipeline/Pipeline.php(180): App\\Http\\Middleware\\XFrameHeaders->handle(Object(Illuminate\\Http\\Request), Object(Closure))
#31 /home1/onesend1/public_html/new-freelance.turboconnect.top/app/Http/Middleware/UpgradeLevel.php(95): Illuminate\\Pipeline\\Pipeline->Illuminate\\Pipeline\\{closure}(Object(Illuminate\\Http\\Request))
#32 /home1/onesend1/public_html/new-freelance.turboconnect.top/vendor/laravel/framework/src/Illuminate/Pipeline/Pipeline.php(180): App\\Http\\Middleware\\UpgradeLevel->handle(Object(Illuminate\\Http\\Request), Object(Closure))
#33 /home1/onesend1/public_html/new-freelance.turboconnect.top/app/Http/Middleware/UserLastActivity.php(25): Illuminate\\Pipeline\\Pipeline->Illuminate\\Pipeline\\{closure}(Object(Illuminate\\Http\\Request))
#34 /home1/onesend1/public_html/new-freelance.turboconnect.top/vendor/laravel/framework/src/Illuminate/Pipeline/Pipeline.php(180): App\\Http\\Middleware\\UserLastActivity->handle(Object(Illuminate\\Http\\Request), Object(Closure))
#35 /home1/onesend1/public_html/new-freelance.turboconnect.top/app/Http/Middleware/SetLocale.php(65): Illuminate\\Pipeline\\Pipeline->Illuminate\\Pipeline\\{closure}(Object(Illuminate\\Http\\Request))
#36 /home1/onesend1/public_html/new-freelance.turboconnect.top/vendor/laravel/framework/src/Illuminate/Pipeline/Pipeline.php(180): App\\Http\\Middleware\\SetLocale->handle(Object(Illuminate\\Http\\Request), Object(Closure))
#37 /home1/onesend1/public_html/new-freelance.turboconnect.top/vendor/laravel/framework/src/Illuminate/Routing/Middleware/SubstituteBindings.php(50): Illuminate\\Pipeline\\Pipeline->Illuminate\\Pipeline\\{closure}(Object(Illuminate\\Http\\Request))
#38 /home1/onesend1/public_html/new-freelance.turboconnect.top/vendor/laravel/framework/src/Illuminate/Pipeline/Pipeline.php(180): Illuminate\\Routing\\Middleware\\SubstituteBindings->handle(Object(Illuminate\\Http\\Request), Object(Closure))
#39 /home1/onesend1/public_html/new-freelance.turboconnect.top/vendor/laravel/framework/src/Illuminate/Session/Middleware/AuthenticateSession.php(60): Illuminate\\Pipeline\\Pipeline->Illuminate\\Pipeline\\{closure}(Object(Illuminate\\Http\\Request))
#40 /home1/onesend1/public_html/new-freelance.turboconnect.top/vendor/laravel/framework/src/Illuminate/Pipeline/Pipeline.php(180): Illuminate\\Session\\Middleware\\AuthenticateSession->handle(Object(Illuminate\\Http\\Request), Object(Closure))
#41 /home1/onesend1/public_html/new-freelance.turboconnect.top/vendor/laravel/framework/src/Illuminate/Auth/Middleware/Authenticate.php(57): Illuminate\\Pipeline\\Pipeline->Illuminate\\Pipeline\\{closure}(Object(Illuminate\\Http\\Request))
#42 /home1/onesend1/public_html/new-freelance.turboconnect.top/vendor/laravel/framework/src/Illuminate/Pipeline/Pipeline.php(180): Illuminate\\Auth\\Middleware\\Authenticate->handle(Object(Illuminate\\Http\\Request), Object(Closure))
#43 /home1/onesend1/public_html/new-freelance.turboconnect.top/vendor/laravel/framework/src/Illuminate/Foundation/Http/Middleware/VerifyCsrfToken.php(78): Illuminate\\Pipeline\\Pipeline->Illuminate\\Pipeline\\{closure}(Object(Illuminate\\Http\\Request))
#44 /home1/onesend1/public_html/new-freelance.turboconnect.top/app/Http/Middleware/VerifyCsrfToken.php(24): Illuminate\\Foundation\\Http\\Middleware\\VerifyCsrfToken->handle(Object(Illuminate\\Http\\Request), Object(Closure))
#45 /home1/onesend1/public_html/new-freelance.turboconnect.top/vendor/laravel/framework/src/Illuminate/Pipeline/Pipeline.php(180): App\\Http\\Middleware\\VerifyCsrfToken->handle(Object(Illuminate\\Http\\Request), Object(Closure))
#46 /home1/onesend1/public_html/new-freelance.turboconnect.top/vendor/laravel/framework/src/Illuminate/View/Middleware/ShareErrorsFromSession.php(49): Illuminate\\Pipeline\\Pipeline->Illuminate\\Pipeline\\{closure}(Object(Illuminate\\Http\\Request))
#47 /home1/onesend1/public_html/new-freelance.turboconnect.top/vendor/laravel/framework/src/Illuminate/Pipeline/Pipeline.php(180): Illuminate\\View\\Middleware\\ShareErrorsFromSession->handle(Object(Illuminate\\Http\\Request), Object(Closure))
#48 /home1/onesend1/public_html/new-freelance.turboconnect.top/vendor/laravel/framework/src/Illuminate/Session/Middleware/StartSession.php(121): Illuminate\\Pipeline\\Pipeline->Illuminate\\Pipeline\\{closure}(Object(Illuminate\\Http\\Request))
#49 /home1/onesend1/public_html/new-freelance.turboconnect.top/vendor/laravel/framework/src/Illuminate/Session/Middleware/StartSession.php(64): Illuminate\\Session\\Middleware\\StartSession->handleStatefulRequest(Object(Illuminate\\Http\\Request), Object(Illuminate\\Session\\EncryptedStore), Object(Closure))
#50 /home1/onesend1/public_html/new-freelance.turboconnect.top/vendor/laravel/framework/src/Illuminate/Pipeline/Pipeline.php(180): Illuminate\\Session\\Middleware\\StartSession->handle(Object(Illuminate\\Http\\Request), Object(Closure))
#51 /home1/onesend1/public_html/new-freelance.turboconnect.top/vendor/laravel/framework/src/Illuminate/Cookie/Middleware/AddQueuedCookiesToResponse.php(37): Illuminate\\Pipeline\\Pipeline->Illuminate\\Pipeline\\{closure}(Object(Illuminate\\Http\\Request))
#52 /home1/onesend1/public_html/new-freelance.turboconnect.top/vendor/laravel/framework/src/Illuminate/Pipeline/Pipeline.php(180): Illuminate\\Cookie\\Middleware\\AddQueuedCookiesToResponse->handle(Object(Illuminate\\Http\\Request), Object(Closure))
#53 /home1/onesend1/public_html/new-freelance.turboconnect.top/vendor/laravel/framework/src/Illuminate/Cookie/Middleware/EncryptCookies.php(67): Illuminate\\Pipeline\\Pipeline->Illuminate\\Pipeline\\{closure}(Object(Illuminate\\Http\\Request))
#54 /home1/onesend1/public_html/new-freelance.turboconnect.top/vendor/laravel/framework/src/Illuminate/Pipeline/Pipeline.php(180): Illuminate\\Cookie\\Middleware\\EncryptCookies->handle(Object(Illuminate\\Http\\Request), Object(Closure))
#55 /home1/onesend1/public_html/new-freelance.turboconnect.top/vendor/laravel/framework/src/Illuminate/Pipeline/Pipeline.php(116): Illuminate\\Pipeline\\Pipeline->Illuminate\\Pipeline\\{closure}(Object(Illuminate\\Http\\Request))
#56 /home1/onesend1/public_html/new-freelance.turboconnect.top/vendor/laravel/framework/src/Illuminate/Routing/Router.php(798): Illuminate\\Pipeline\\Pipeline->then(Object(Closure))
#57 /home1/onesend1/public_html/new-freelance.turboconnect.top/vendor/laravel/framework/src/Illuminate/Routing/Router.php(777): Illuminate\\Routing\\Router->runRouteWithinStack(Object(Illuminate\\Routing\\Route), Object(Illuminate\\Http\\Request))
#58 /home1/onesend1/public_html/new-freelance.turboconnect.top/vendor/laravel/framework/src/Illuminate/Routing/Router.php(741): Illuminate\\Routing\\Router->runRoute(Object(Illuminate\\Http\\Request), Object(Illuminate\\Routing\\Route))
#59 /home1/onesend1/public_html/new-freelance.turboconnect.top/vendor/laravel/framework/src/Illuminate/Routing/Router.php(730): Illuminate\\Routing\\Router->dispatchToRoute(Object(Illuminate\\Http\\Request))
#60 /home1/onesend1/public_html/new-freelance.turboconnect.top/vendor/laravel/framework/src/Illuminate/Foundation/Http/Kernel.php(200): Illuminate\\Routing\\Router->dispatch(Object(Illuminate\\Http\\Request))
#61 /home1/onesend1/public_html/new-freelance.turboconnect.top/vendor/laravel/framework/src/Illuminate/Pipeline/Pipeline.php(141): Illuminate\\Foundation\\Http\\Kernel->Illuminate\\Foundation\\Http\\{closure}(Object(Illuminate\\Http\\Request))
#62 /home1/onesend1/public_html/new-freelance.turboconnect.top/vendor/lukeraymonddowning/honey/src/Http/Middleware/BlockSpammers.php(19): Illuminate\\Pipeline\\Pipeline->Illuminate\\Pipeline\\{closure}(Object(Illuminate\\Http\\Request))
#63 /home1/onesend1/public_html/new-freelance.turboconnect.top/vendor/laravel/framework/src/Illuminate/Pipeline/Pipeline.php(180): Lukeraymonddowning\\Honey\\Http\\Middleware\\BlockSpammers->handle(Object(Illuminate\\Http\\Request), Object(Closure))
#64 /home1/onesend1/public_html/new-freelance.turboconnect.top/vendor/livewire/livewire/src/DisableBrowserCache.php(19): Illuminate\\Pipeline\\Pipeline->Illuminate\\Pipeline\\{closure}(Object(Illuminate\\Http\\Request))
#65 /home1/onesend1/public_html/new-freelance.turboconnect.top/vendor/laravel/framework/src/Illuminate/Pipeline/Pipeline.php(180): Livewire\\DisableBrowserCache->handle(Object(Illuminate\\Http\\Request), Object(Closure))
#66 /home1/onesend1/public_html/new-freelance.turboconnect.top/vendor/barryvdh/laravel-debugbar/src/Middleware/InjectDebugbar.php(59): Illuminate\\Pipeline\\Pipeline->Illuminate\\Pipeline\\{closure}(Object(Illuminate\\Http\\Request))
#67 /home1/onesend1/public_html/new-freelance.turboconnect.top/vendor/laravel/framework/src/Illuminate/Pipeline/Pipeline.php(180): Barryvdh\\Debugbar\\Middleware\\InjectDebugbar->handle(Object(Illuminate\\Http\\Request), Object(Closure))
#68 /home1/onesend1/public_html/new-freelance.turboconnect.top/vendor/laravel/framework/src/Illuminate/Foundation/Http/Middleware/TransformsRequest.php(21): Illuminate\\Pipeline\\Pipeline->Illuminate\\Pipeline\\{closure}(Object(Illuminate\\Http\\Request))
#69 /home1/onesend1/public_html/new-freelance.turboconnect.top/vendor/laravel/framework/src/Illuminate/Foundation/Http/Middleware/ConvertEmptyStringsToNull.php(31): Illuminate\\Foundation\\Http\\Middleware\\TransformsRequest->handle(Object(Illuminate\\Http\\Request), Object(Closure))
#70 /home1/onesend1/public_html/new-freelance.turboconnect.top/vendor/laravel/framework/src/Illuminate/Pipeline/Pipeline.php(180): Illuminate\\Foundation\\Http\\Middleware\\ConvertEmptyStringsToNull->handle(Object(Illuminate\\Http\\Request), Object(Closure))
#71 /home1/onesend1/public_html/new-freelance.turboconnect.top/vendor/laravel/framework/src/Illuminate/Foundation/Http/Middleware/TransformsRequest.php(21): Illuminate\\Pipeline\\Pipeline->Illuminate\\Pipeline\\{closure}(Object(Illuminate\\Http\\Request))
#72 /home1/onesend1/public_html/new-freelance.turboconnect.top/vendor/laravel/framework/src/Illuminate/Foundation/Http/Middleware/TrimStrings.php(40): Illuminate\\Foundation\\Http\\Middleware\\TransformsRequest->handle(Object(Illuminate\\Http\\Request), Object(Closure))
#73 /home1/onesend1/public_html/new-freelance.turboconnect.top/vendor/laravel/framework/src/Illuminate/Pipeline/Pipeline.php(180): Illuminate\\Foundation\\Http\\Middleware\\TrimStrings->handle(Object(Illuminate\\Http\\Request), Object(Closure))
#74 /home1/onesend1/public_html/new-freelance.turboconnect.top/vendor/laravel/framework/src/Illuminate/Foundation/Http/Middleware/ValidatePostSize.php(27): Illuminate\\Pipeline\\Pipeline->Illuminate\\Pipeline\\{closure}(Object(Illuminate\\Http\\Request))
#75 /home1/onesend1/public_html/new-freelance.turboconnect.top/vendor/laravel/framework/src/Illuminate/Pipeline/Pipeline.php(180): Illuminate\\Foundation\\Http\\Middleware\\ValidatePostSize->handle(Object(Illuminate\\Http\\Request), Object(Closure))
#76 /home1/onesend1/public_html/new-freelance.turboconnect.top/vendor/laravel/framework/src/Illuminate/Foundation/Http/Middleware/PreventRequestsDuringMaintenance.php(86): Illuminate\\Pipeline\\Pipeline->Illuminate\\Pipeline\\{closure}(Object(Illuminate\\Http\\Request))
#77 /home1/onesend1/public_html/new-freelance.turboconnect.top/vendor/laravel/framework/src/Illuminate/Pipeline/Pipeline.php(180): Illuminate\\Foundation\\Http\\Middleware\\PreventRequestsDuringMaintenance->handle(Object(Illuminate\\Http\\Request), Object(Closure))
#78 /home1/onesend1/public_html/new-freelance.turboconnect.top/vendor/laravel/framework/src/Illuminate/Http/Middleware/HandleCors.php(49): Illuminate\\Pipeline\\Pipeline->Illuminate\\Pipeline\\{closure}(Object(Illuminate\\Http\\Request))
#79 /home1/onesend1/public_html/new-freelance.turboconnect.top/vendor/laravel/framework/src/Illuminate/Pipeline/Pipeline.php(180): Illuminate\\Http\\Middleware\\HandleCors->handle(Object(Illuminate\\Http\\Request), Object(Closure))
#80 /home1/onesend1/public_html/new-freelance.turboconnect.top/vendor/laravel/framework/src/Illuminate/Http/Middleware/TrustProxies.php(39): Illuminate\\Pipeline\\Pipeline->Illuminate\\Pipeline\\{closure}(Object(Illuminate\\Http\\Request))
#81 /home1/onesend1/public_html/new-freelance.turboconnect.top/vendor/laravel/framework/src/Illuminate/Pipeline/Pipeline.php(180): Illuminate\\Http\\Middleware\\TrustProxies->handle(Object(Illuminate\\Http\\Request), Object(Closure))
#82 /home1/onesend1/public_html/new-freelance.turboconnect.top/vendor/laravel/framework/src/Illuminate/Pipeline/Pipeline.php(116): Illuminate\\Pipeline\\Pipeline->Illuminate\\Pipeline\\{closure}(Object(Illuminate\\Http\\Request))
#83 /home1/onesend1/public_html/new-freelance.turboconnect.top/vendor/laravel/framework/src/Illuminate/Foundation/Http/Kernel.php(175): Illuminate\\Pipeline\\Pipeline->then(Object(Closure))
#84 /home1/onesend1/public_html/new-freelance.turboconnect.top/vendor/laravel/framework/src/Illuminate/Foundation/Http/Kernel.php(144): Illuminate\\Foundation\\Http\\Kernel->sendRequestThroughRouter(Object(Illuminate\\Http\\Request))
#85 /home1/onesend1/public_html/new-freelance.turboconnect.top/index.php(52): Illuminate\\Foundation\\Http\\Kernel->handle(Object(Illuminate\\Http\\Request))
#86 {main}

[previous exception] [object] (ErrorException(code: 0): Undefined variable $review at /home1/onesend1/public_html/new-freelance.turboconnect.top/storage/framework/views/1e17adf6314024ee1e797d6988463fda.php:152)
[stacktrace]
#0 /home1/onesend1/public_html/new-freelance.turboconnect.top/vendor/laravel/framework/src/Illuminate/Foundation/Bootstrap/HandleExceptions.php(254): Illuminate\\Foundation\\Bootstrap\\HandleExceptions->handleError(2, 'Undefined varia...', '/home1/onesend1...', 152)
#1 /home1/onesend1/public_html/new-freelance.turboconnect.top/storage/framework/views/1e17adf6314024ee1e797d6988463fda.php(152): Illuminate\\Foundation\\Bootstrap\\HandleExceptions->Illuminate\\Foundation\\Bootstrap\\{closure}(2, 'Undefined varia...', '/home1/onesend1...', 152)
#2 /home1/onesend1/public_html/new-freelance.turboconnect.top/vendor/livewire/livewire/src/ComponentConcerns/RendersLivewireComponents.php(83): include('/home1/onesend1...')
#3 /home1/onesend1/public_html/new-freelance.turboconnect.top/vendor/livewire/livewire/src/ComponentConcerns/RendersLivewireComponents.php(84): App\\Http\\Livewire\\Main\\Account\\Reviews\\ReviewsComponent->Livewire\\ComponentConcerns\\{closure}()
#4 /home1/onesend1/public_html/new-freelance.turboconnect.top/vendor/livewire/livewire/src/ComponentConcerns/RendersLivewireComponents.php(59): Livewire\\LivewireViewCompilerEngine->evaluatePath('/home1/onesend1...', Array)
#5 /home1/onesend1/public_html/new-freelance.turboconnect.top/vendor/laravel/framework/src/Illuminate/View/View.php(195): Livewire\\LivewireViewCompilerEngine->get('/home1/onesend1...', Array)
#6 /home1/onesend1/public_html/new-freelance.turboconnect.top/vendor/laravel/framework/src/Illuminate/View/View.php(178): Illuminate\\View\\View->getContents()
#7 /home1/onesend1/public_html/new-freelance.turboconnect.top/vendor/laravel/framework/src/Illuminate/View/View.php(147): Illuminate\\View\\View->renderContents()
#8 /home1/onesend1/public_html/new-freelance.turboconnect.top/vendor/livewire/livewire/src/Component.php(235): Illuminate\\View\\View->render()
#9 /home1/onesend1/public_html/new-freelance.turboconnect.top/vendor/livewire/livewire/src/HydrationMiddleware/RenderView.php(14): Livewire\\Component->output()
#10 /home1/onesend1/public_html/new-freelance.turboconnect.top/vendor/livewire/livewire/src/LifecycleManager.php(141): Livewire\\HydrationMiddleware\\RenderView::dehydrate(Object(App\\Http\\Livewire\\Main\\Account\\Reviews\\ReviewsComponent), Object(Livewire\\Response))
#11 /home1/onesend1/public_html/new-freelance.turboconnect.top/storage/framework/views/20af8fb0a4defb460038489ccd1ea16f.php(2): Livewire\\LifecycleManager->initialDehydrate()
#12 /home1/onesend1/public_html/new-freelance.turboconnect.top/vendor/laravel/framework/src/Illuminate/Filesystem/Filesystem.php(124): require('/home1/onesend1...')
#13 /home1/onesend1/public_html/new-freelance.turboconnect.top/vendor/laravel/framework/src/Illuminate/Filesystem/Filesystem.php(125): Illuminate\\Filesystem\\Filesystem::Illuminate\\Filesystem\\{closure}()
#14 /home1/onesend1/public_html/new-freelance.turboconnect.top/vendor/laravel/framework/src/Illuminate/View/Engines/PhpEngine.php(58): Illuminate\\Filesystem\\Filesystem->getRequire('/home1/onesend1...', Array)
#15 /home1/onesend1/public_html/new-freelance.turboconnect.top/vendor/livewire/livewire/src/ComponentConcerns/RendersLivewireComponents.php(69): Illuminate\\View\\Engines\\PhpEngine->evaluatePath('/home1/onesend1...', Array)
#16 /home1/onesend1/public_html/new-freelance.turboconnect.top/vendor/laravel/framework/src/Illuminate/View/Engines/CompilerEngine.php(72): Livewire\\LivewireViewCompilerEngine->evaluatePath('/home1/onesend1...', Array)
#17 /home1/onesend1/public_html/new-freelance.turboconnect.top/vendor/livewire/livewire/src/ComponentConcerns/RendersLivewireComponents.php(35): Illuminate\\View\\Engines\\CompilerEngine->get('/home1/onesend1...', Array)
#18 /home1/onesend1/public_html/new-freelance.turboconnect.top/vendor/laravel/framework/src/Illuminate/View/View.php(195): Livewire\\LivewireViewCompilerEngine->get('/home1/onesend1...', Array)
#19 /home1/onesend1/public_html/new-freelance.turboconnect.top/vendor/laravel/framework/src/Illuminate/View/View.php(178): Illuminate\\View\\View->getContents()
#20 /home1/onesend1/public_html/new-freelance.turboconnect.top/vendor/laravel/framework/src/Illuminate/View/View.php(147): Illuminate\\View\\View->renderContents()
#21 /home1/onesend1/public_html/new-freelance.turboconnect.top/vendor/laravel/framework/src/Illuminate/Http/Response.php(69): Illuminate\\View\\View->render()
#22 /home1/onesend1/public_html/new-freelance.turboconnect.top/vendor/laravel/framework/src/Illuminate/Http/Response.php(35): Illuminate\\Http\\Response->setContent(Object(Illuminate\\View\\View))
#23 /home1/onesend1/public_html/new-freelance.turboconnect.top/vendor/laravel/framework/src/Illuminate/Routing/Router.php(911): Illuminate\\Http\\Response->__construct(Object(Illuminate\\View\\View), 200, Array)
#24 /home1/onesend1/public_html/new-freelance.turboconnect.top/vendor/laravel/framework/src/Illuminate/Routing/Router.php(878): Illuminate\\Routing\\Router::toResponse(Object(Illuminate\\Http\\Request), Object(Illuminate\\View\\View))
#25 /home1/onesend1/public_html/new-freelance.turboconnect.top/vendor/laravel/framework/src/Illuminate/Routing/Router.php(798): Illuminate\\Routing\\Router->prepareResponse(Object(Illuminate\\Http\\Request), Object(Illuminate\\View\\View))
#26 /home1/onesend1/public_html/new-freelance.turboconnect.top/vendor/laravel/framework/src/Illuminate/Pipeline/Pipeline.php(141): Illuminate\\Routing\\Router->Illuminate\\Routing\\{closure}(Object(Illuminate\\Http\\Request))
#27 /home1/onesend1/public_html/new-freelance.turboconnect.top/vendor/ralphjsmit/livewire-urls/src/Middleware/LivewireUrlsMiddleware.php(32): Illuminate\\Pipeline\\Pipeline->Illuminate\\Pipeline\\{closure}(Object(Illuminate\\Http\\Request))
#28 /home1/onesend1/public_html/new-freelance.turboconnect.top/vendor/laravel/framework/src/Illuminate/Pipeline/Pipeline.php(180): RalphJSmit\\Livewire\\Urls\\Middleware\\LivewireUrlsMiddleware->handle(Object(Illuminate\\Http\\Request), Object(Closure))
#29 /home1/onesend1/public_html/new-freelance.turboconnect.top/app/Http/Middleware/XFrameHeaders.php(31): Illuminate\\Pipeline\\Pipeline->Illuminate\\Pipeline\\{closure}(Object(Illuminate\\Http\\Request))
#30 /home1/onesend1/public_html/new-freelance.turboconnect.top/vendor/laravel/framework/src/Illuminate/Pipeline/Pipeline.php(180): App\\Http\\Middleware\\XFrameHeaders->handle(Object(Illuminate\\Http\\Request), Object(Closure))
#31 /home1/onesend1/public_html/new-freelance.turboconnect.top/app/Http/Middleware/UpgradeLevel.php(95): Illuminate\\Pipeline\\Pipeline->Illuminate\\Pipeline\\{closure}(Object(Illuminate\\Http\\Request))
#32 /home1/onesend1/public_html/new-freelance.turboconnect.top/vendor/laravel/framework/src/Illuminate/Pipeline/Pipeline.php(180): App\\Http\\Middleware\\UpgradeLevel->handle(Object(Illuminate\\Http\\Request), Object(Closure))
#33 /home1/onesend1/public_html/new-freelance.turboconnect.top/app/Http/Middleware/UserLastActivity.php(25): Illuminate\\Pipeline\\Pipeline->Illuminate\\Pipeline\\{closure}(Object(Illuminate\\Http\\Request))
#34 /home1/onesend1/public_html/new-freelance.turboconnect.top/vendor/laravel/framework/src/Illuminate/Pipeline/Pipeline.php(180): App\\Http\\Middleware\\UserLastActivity->handle(Object(Illuminate\\Http\\Request), Object(Closure))
#35 /home1/onesend1/public_html/new-freelance.turboconnect.top/app/Http/Middleware/SetLocale.php(65): Illuminate\\Pipeline\\Pipeline->Illuminate\\Pipeline\\{closure}(Object(Illuminate\\Http\\Request))
#36 /home1/onesend1/public_html/new-freelance.turboconnect.top/vendor/laravel/framework/src/Illuminate/Pipeline/Pipeline.php(180): App\\Http\\Middleware\\SetLocale->handle(Object(Illuminate\\Http\\Request), Object(Closure))
#37 /home1/onesend1/public_html/new-freelance.turboconnect.top/vendor/laravel/framework/src/Illuminate/Routing/Middleware/SubstituteBindings.php(50): Illuminate\\Pipeline\\Pipeline->Illuminate\\Pipeline\\{closure}(Object(Illuminate\\Http\\Request))
#38 /home1/onesend1/public_html/new-freelance.turboconnect.top/vendor/laravel/framework/src/Illuminate/Pipeline/Pipeline.php(180): Illuminate\\Routing\\Middleware\\SubstituteBindings->handle(Object(Illuminate\\Http\\Request), Object(Closure))
#39 /home1/onesend1/public_html/new-freelance.turboconnect.top/vendor/laravel/framework/src/Illuminate/Session/Middleware/AuthenticateSession.php(60): Illuminate\\Pipeline\\Pipeline->Illuminate\\Pipeline\\{closure}(Object(Illuminate\\Http\\Request))
#40 /home1/onesend1/public_html/new-freelance.turboconnect.top/vendor/laravel/framework/src/Illuminate/Pipeline/Pipeline.php(180): Illuminate\\Session\\Middleware\\AuthenticateSession->handle(Object(Illuminate\\Http\\Request), Object(Closure))
#41 /home1/onesend1/public_html/new-freelance.turboconnect.top/vendor/laravel/framework/src/Illuminate/Auth/Middleware/Authenticate.php(57): Illuminate\\Pipeline\\Pipeline->Illuminate\\Pipeline\\{closure}(Object(Illuminate\\Http\\Request))
#42 /home1/onesend1/public_html/new-freelance.turboconnect.top/vendor/laravel/framework/src/Illuminate/Pipeline/Pipeline.php(180): Illuminate\\Auth\\Middleware\\Authenticate->handle(Object(Illuminate\\Http\\Request), Object(Closure))
#43 /home1/onesend1/public_html/new-freelance.turboconnect.top/vendor/laravel/framework/src/Illuminate/Foundation/Http/Middleware/VerifyCsrfToken.php(78): Illuminate\\Pipeline\\Pipeline->Illuminate\\Pipeline\\{closure}(Object(Illuminate\\Http\\Request))
#44 /home1/onesend1/public_html/new-freelance.turboconnect.top/app/Http/Middleware/VerifyCsrfToken.php(24): Illuminate\\Foundation\\Http\\Middleware\\VerifyCsrfToken->handle(Object(Illuminate\\Http\\Request), Object(Closure))
#45 /home1/onesend1/public_html/new-freelance.turboconnect.top/vendor/laravel/framework/src/Illuminate/Pipeline/Pipeline.php(180): App\\Http\\Middleware\\VerifyCsrfToken->handle(Object(Illuminate\\Http\\Request), Object(Closure))
#46 /home1/onesend1/public_html/new-freelance.turboconnect.top/vendor/laravel/framework/src/Illuminate/View/Middleware/ShareErrorsFromSession.php(49): Illuminate\\Pipeline\\Pipeline->Illuminate\\Pipeline\\{closure}(Object(Illuminate\\Http\\Request))
#47 /home1/onesend1/public_html/new-freelance.turboconnect.top/vendor/laravel/framework/src/Illuminate/Pipeline/Pipeline.php(180): Illuminate\\View\\Middleware\\ShareErrorsFromSession->handle(Object(Illuminate\\Http\\Request), Object(Closure))
#48 /home1/onesend1/public_html/new-freelance.turboconnect.top/vendor/laravel/framework/src/Illuminate/Session/Middleware/StartSession.php(121): Illuminate\\Pipeline\\Pipeline->Illuminate\\Pipeline\\{closure}(Object(Illuminate\\Http\\Request))
#49 /home1/onesend1/public_html/new-freelance.turboconnect.top/vendor/laravel/framework/src/Illuminate/Session/Middleware/StartSession.php(64): Illuminate\\Session\\Middleware\\StartSession->handleStatefulRequest(Object(Illuminate\\Http\\Request), Object(Illuminate\\Session\\EncryptedStore), Object(Closure))
#50 /home1/onesend1/public_html/new-freelance.turboconnect.top/vendor/laravel/framework/src/Illuminate/Pipeline/Pipeline.php(180): Illuminate\\Session\\Middleware\\StartSession->handle(Object(Illuminate\\Http\\Request), Object(Closure))
#51 /home1/onesend1/public_html/new-freelance.turboconnect.top/vendor/laravel/framework/src/Illuminate/Cookie/Middleware/AddQueuedCookiesToResponse.php(37): Illuminate\\Pipeline\\Pipeline->Illuminate\\Pipeline\\{closure}(Object(Illuminate\\Http\\Request))
#52 /home1/onesend1/public_html/new-freelance.turboconnect.top/vendor/laravel/framework/src/Illuminate/Pipeline/Pipeline.php(180): Illuminate\\Cookie\\Middleware\\AddQueuedCookiesToResponse->handle(Object(Illuminate\\Http\\Request), Object(Closure))
#53 /home1/onesend1/public_html/new-freelance.turboconnect.top/vendor/laravel/framework/src/Illuminate/Cookie/Middleware/EncryptCookies.php(67): Illuminate\\Pipeline\\Pipeline->Illuminate\\Pipeline\\{closure}(Object(Illuminate\\Http\\Request))
#54 /home1/onesend1/public_html/new-freelance.turboconnect.top/vendor/laravel/framework/src/Illuminate/Pipeline/Pipeline.php(180): Illuminate\\Cookie\\Middleware\\EncryptCookies->handle(Object(Illuminate\\Http\\Request), Object(Closure))
#55 /home1/onesend1/public_html/new-freelance.turboconnect.top/vendor/laravel/framework/src/Illuminate/Pipeline/Pipeline.php(116): Illuminate\\Pipeline\\Pipeline->Illuminate\\Pipeline\\{closure}(Object(Illuminate\\Http\\Request))
#56 /home1/onesend1/public_html/new-freelance.turboconnect.top/vendor/laravel/framework/src/Illuminate/Routing/Router.php(798): Illuminate\\Pipeline\\Pipeline->then(Object(Closure))
#57 /home1/onesend1/public_html/new-freelance.turboconnect.top/vendor/laravel/framework/src/Illuminate/Routing/Router.php(777): Illuminate\\Routing\\Router->runRouteWithinStack(Object(Illuminate\\Routing\\Route), Object(Illuminate\\Http\\Request))
#58 /home1/onesend1/public_html/new-freelance.turboconnect.top/vendor/laravel/framework/src/Illuminate/Routing/Router.php(741): Illuminate\\Routing\\Router->runRoute(Object(Illuminate\\Http\\Request), Object(Illuminate\\Routing\\Route))
#59 /home1/onesend1/public_html/new-freelance.turboconnect.top/vendor/laravel/framework/src/Illuminate/Routing/Router.php(730): Illuminate\\Routing\\Router->dispatchToRoute(Object(Illuminate\\Http\\Request))
#60 /home1/onesend1/public_html/new-freelance.turboconnect.top/vendor/laravel/framework/src/Illuminate/Foundation/Http/Kernel.php(200): Illuminate\\Routing\\Router->dispatch(Object(Illuminate\\Http\\Request))
#61 /home1/onesend1/public_html/new-freelance.turboconnect.top/vendor/laravel/framework/src/Illuminate/Pipeline/Pipeline.php(141): Illuminate\\Foundation\\Http\\Kernel->Illuminate\\Foundation\\Http\\{closure}(Object(Illuminate\\Http\\Request))
#62 /home1/onesend1/public_html/new-freelance.turboconnect.top/vendor/lukeraymonddowning/honey/src/Http/Middleware/BlockSpammers.php(19): Illuminate\\Pipeline\\Pipeline->Illuminate\\Pipeline\\{closure}(Object(Illuminate\\Http\\Request))
#63 /home1/onesend1/public_html/new-freelance.turboconnect.top/vendor/laravel/framework/src/Illuminate/Pipeline/Pipeline.php(180): Lukeraymonddowning\\Honey\\Http\\Middleware\\BlockSpammers->handle(Object(Illuminate\\Http\\Request), Object(Closure))
#64 /home1/onesend1/public_html/new-freelance.turboconnect.top/vendor/livewire/livewire/src/DisableBrowserCache.php(19): Illuminate\\Pipeline\\Pipeline->Illuminate\\Pipeline\\{closure}(Object(Illuminate\\Http\\Request))
#65 /home1/onesend1/public_html/new-freelance.turboconnect.top/vendor/laravel/framework/src/Illuminate/Pipeline/Pipeline.php(180): Livewire\\DisableBrowserCache->handle(Object(Illuminate\\Http\\Request), Object(Closure))
#66 /home1/onesend1/public_html/new-freelance.turboconnect.top/vendor/barryvdh/laravel-debugbar/src/Middleware/InjectDebugbar.php(59): Illuminate\\Pipeline\\Pipeline->Illuminate\\Pipeline\\{closure}(Object(Illuminate\\Http\\Request))
#67 /home1/onesend1/public_html/new-freelance.turboconnect.top/vendor/laravel/framework/src/Illuminate/Pipeline/Pipeline.php(180): Barryvdh\\Debugbar\\Middleware\\InjectDebugbar->handle(Object(Illuminate\\Http\\Request), Object(Closure))
#68 /home1/onesend1/public_html/new-freelance.turboconnect.top/vendor/laravel/framework/src/Illuminate/Foundation/Http/Middleware/TransformsRequest.php(21): Illuminate\\Pipeline\\Pipeline->Illuminate\\Pipeline\\{closure}(Object(Illuminate\\Http\\Request))
#69 /home1/onesend1/public_html/new-freelance.turboconnect.top/vendor/laravel/framework/src/Illuminate/Foundation/Http/Middleware/ConvertEmptyStringsToNull.php(31): Illuminate\\Foundation\\Http\\Middleware\\TransformsRequest->handle(Object(Illuminate\\Http\\Request), Object(Closure))
#70 /home1/onesend1/public_html/new-freelance.turboconnect.top/vendor/laravel/framework/src/Illuminate/Pipeline/Pipeline.php(180): Illuminate\\Foundation\\Http\\Middleware\\ConvertEmptyStringsToNull->handle(Object(Illuminate\\Http\\Request), Object(Closure))
#71 /home1/onesend1/public_html/new-freelance.turboconnect.top/vendor/laravel/framework/src/Illuminate/Foundation/Http/Middleware/TransformsRequest.php(21): Illuminate\\Pipeline\\Pipeline->Illuminate\\Pipeline\\{closure}(Object(Illuminate\\Http\\Request))
#72 /home1/onesend1/public_html/new-freelance.turboconnect.top/vendor/laravel/framework/src/Illuminate/Foundation/Http/Middleware/TrimStrings.php(40): Illuminate\\Foundation\\Http\\Middleware\\TransformsRequest->handle(Object(Illuminate\\Http\\Request), Object(Closure))
#73 /home1/onesend1/public_html/new-freelance.turboconnect.top/vendor/laravel/framework/src/Illuminate/Pipeline/Pipeline.php(180): Illuminate\\Foundation\\Http\\Middleware\\TrimStrings->handle(Object(Illuminate\\Http\\Request), Object(Closure))
#74 /home1/onesend1/public_html/new-freelance.turboconnect.top/vendor/laravel/framework/src/Illuminate/Foundation/Http/Middleware/ValidatePostSize.php(27): Illuminate\\Pipeline\\Pipeline->Illuminate\\Pipeline\\{closure}(Object(Illuminate\\Http\\Request))
#75 /home1/onesend1/public_html/new-freelance.turboconnect.top/vendor/laravel/framework/src/Illuminate/Pipeline/Pipeline.php(180): Illuminate\\Foundation\\Http\\Middleware\\ValidatePostSize->handle(Object(Illuminate\\Http\\Request), Object(Closure))
#76 /home1/onesend1/public_html/new-freelance.turboconnect.top/vendor/laravel/framework/src/Illuminate/Foundation/Http/Middleware/PreventRequestsDuringMaintenance.php(86): Illuminate\\Pipeline\\Pipeline->Illuminate\\Pipeline\\{closure}(Object(Illuminate\\Http\\Request))
#77 /home1/onesend1/public_html/new-freelance.turboconnect.top/vendor/laravel/framework/src/Illuminate/Pipeline/Pipeline.php(180): Illuminate\\Foundation\\Http\\Middleware\\PreventRequestsDuringMaintenance->handle(Object(Illuminate\\Http\\Request), Object(Closure))
#78 /home1/onesend1/public_html/new-freelance.turboconnect.top/vendor/laravel/framework/src/Illuminate/Http/Middleware/HandleCors.php(49): Illuminate\\Pipeline\\Pipeline->Illuminate\\Pipeline\\{closure}(Object(Illuminate\\Http\\Request))
#79 /home1/onesend1/public_html/new-freelance.turboconnect.top/vendor/laravel/framework/src/Illuminate/Pipeline/Pipeline.php(180): Illuminate\\Http\\Middleware\\HandleCors->handle(Object(Illuminate\\Http\\Request), Object(Closure))
#80 /home1/onesend1/public_html/new-freelance.turboconnect.top/vendor/laravel/framework/src/Illuminate/Http/Middleware/TrustProxies.php(39): Illuminate\\Pipeline\\Pipeline->Illuminate\\Pipeline\\{closure}(Object(Illuminate\\Http\\Request))
#81 /home1/onesend1/public_html/new-freelance.turboconnect.top/vendor/laravel/framework/src/Illuminate/Pipeline/Pipeline.php(180): Illuminate\\Http\\Middleware\\TrustProxies->handle(Object(Illuminate\\Http\\Request), Object(Closure))
#82 /home1/onesend1/public_html/new-freelance.turboconnect.top/vendor/laravel/framework/src/Illuminate/Pipeline/Pipeline.php(116): Illuminate\\Pipeline\\Pipeline->Illuminate\\Pipeline\\{closure}(Object(Illuminate\\Http\\Request))
#83 /home1/onesend1/public_html/new-freelance.turboconnect.top/vendor/laravel/framework/src/Illuminate/Foundation/Http/Kernel.php(175): Illuminate\\Pipeline\\Pipeline->then(Object(Closure))
#84 /home1/onesend1/public_html/new-freelance.turboconnect.top/vendor/laravel/framework/src/Illuminate/Foundation/Http/Kernel.php(144): Illuminate\\Foundation\\Http\\Kernel->sendRequestThroughRouter(Object(Illuminate\\Http\\Request))
#85 /home1/onesend1/public_html/new-freelance.turboconnect.top/index.php(52): Illuminate\\Foundation\\Http\\Kernel->handle(Object(Illuminate\\Http\\Request))
#86 {main}
"} 
